#
# A fatal error has been detected by the Java Runtime Environment:
#
#  EXCEPTION_ACCESS_VIOLATION (0xc0000005) at pc=0x00000001800038e0, pid=2256, tid=0x0000000000002c44
#
# JRE version: Java(TM) SE Runtime Environment (8.0_171-b11) (build 1.8.0_171-b11)
# Java VM: Java HotSpot(TM) 64-Bit Server VM (25.171-b11 mixed mode windows-amd64 compressed oops)
# Problematic frame:
# C  0x00000001800038e0
#
# Failed to write core dump. Minidumps are not enabled by default on client versions of Windows
#
# If you would like to submit a bug report, please visit:
#   http://bugreport.java.com/bugreport/crash.jsp
# The crash happened outside the Java Virtual Machine in native code.
# See problematic frame for where to report the bug.
#

---------------  T H R E A D  ---------------

Current thread (0x000000001c9f6800):  JavaThread "Finalizer" daemon [_thread_in_native, id=11332, stack(0x000000001ecb0000,0x000000001edb0000)]

siginfo: ExceptionCode=0xc0000005, ExceptionInformation=0x0000000000000008 0x00000001800038e0

Registers:
RAX=0x00000001800038e0, RBX=0x00000000273a0498, RCX=0x000000001c9f69f8, RDX=0x000000001edaf448
RSP=0x000000001edaf3b8, RBP=0x000000001edaf438, RSI=0x000000077ab250f8, RDI=0x00000000ef4ac617
R8 =0x0000000027391490, R9 =0x000000077a5630b8, R10=0x0000000002fe8c3b, R11=0x000000006236c460
R12=0x0000000000000000, R13=0x00000000273a0498, R14=0x000000001edaf460, R15=0x000000001c9f6800
RIP=0x00000001800038e0, EFLAGS=0x0000000000010202

Top of Stack: (sp=0x000000001edaf3b8)
0x000000001edaf3b8:   0000000002fe8c67 000000001edaf4a8
0x000000001edaf3c8:   00000000621fced5 000000001edaf401
0x000000001edaf3d8:   000000077ab84b70 0000000000000030
0x000000001edaf3e8:   000000001e8d0498 00000000256132a2
0x000000001edaf3f8:   000000001edaf3f8 0000000000000000
0x000000001edaf408:   000000001edaf460 00000000273d7930
0x000000001edaf418:   0000000000000000 00000000273a0498
0x000000001edaf428:   0000000000000000 000000001edaf458
0x000000001edaf438:   000000001edaf4a8 0000000002fd835d
0x000000001edaf448:   000000077a28f830 0000000002fe21d8
0x000000001edaf458:   0000000027391490 000000077ab25168
0x000000001edaf468:   000000001edaf468 00000000271da495
0x000000001edaf478:   000000001edaf4b8 00000000273d7930
0x000000001edaf488:   0000000000000000 00000000271da4b8
0x000000001edaf498:   000000001edaf458 000000001edaf4c0
0x000000001edaf4a8:   0000000000000000 0000000003a44328 

Instructions: (pc=0x00000001800038e0)
0x00000001800038c0:   
[error occurred during error reporting (printing registers, top of stack, instructions near pc), id 0xc0000005]

Register to memory mapping:

RAX=0x00000001800038e0 is an unknown value
RBX={method} {0x00000000273a04a0} 'free' '(J)V' in 'com/sun/jna/Memory'
RCX=0x000000001c9f69f8 is an unknown value
RDX=0x000000001edaf448 is pointing into the stack for thread: 0x000000001c9f6800
RSP=0x000000001edaf3b8 is pointing into the stack for thread: 0x000000001c9f6800
RBP=0x000000001edaf438 is pointing into the stack for thread: 0x000000001c9f6800
RSI=0x000000077ab250f8 is an oop
java.util.zip.ZipFile$ZipFileInflaterInputStream 
 - klass: 'java/util/zip/ZipFile$ZipFileInflaterInputStream'
RDI=0x00000000ef4ac617 is an unknown value
R8 =0x0000000027391490 is an unknown value
R9 =0x000000077a5630b8 is an oop
java.lang.ref.Finalizer 
 - klass: 'java/lang/ref/Finalizer'
R10=0x0000000002fe8c3b is at code_begin+891 in an Interpreter codelet
method entry point (kind = native)  [0x0000000002fe88c0, 0x0000000002fe9280]  2496 bytes
R11=0x000000006236c460 is an unknown value
R12=0x0000000000000000 is an unknown value
R13={method} {0x00000000273a04a0} 'free' '(J)V' in 'com/sun/jna/Memory'
R14=0x000000001edaf460 is pointing into the stack for thread: 0x000000001c9f6800
R15=0x000000001c9f6800 is a thread


Stack: [0x000000001ecb0000,0x000000001edb0000],  sp=0x000000001edaf3b8,  free space=1020k
Native frames: (J=compiled Java code, j=interpreted, Vv=VM code, C=native code)
C  0x00000001800038e0

Java frames: (J=compiled Java code, j=interpreted, Vv=VM code)
j  com.sun.jna.Memory.free(J)V+0
j  com.sun.jna.Memory.finalize()V+13
J 2908 C2 java.lang.ref.Finalizer.access$100(Ljava/lang/ref/Finalizer;Lsun/misc/JavaLangAccess;)V (6 bytes) @ 0x0000000003a44328 [0x0000000003a44140+0x1e8]
j  java.lang.ref.Finalizer$FinalizerThread.run()V+45
v  ~StubRoutines::call_stub

---------------  P R O C E S S  ---------------

Java Threads: ( => current thread )
  0x00000000201f8000 JavaThread "quartzScheduler_Worker-10" [_thread_blocked, id=12164, stack(0x0000000028970000,0x0000000028a70000)]
  0x000000002177e800 JavaThread "quartzScheduler_Worker-9" [_thread_blocked, id=12292, stack(0x0000000028870000,0x0000000028970000)]
  0x0000000021781800 JavaThread "quartzScheduler_Worker-8" [_thread_blocked, id=2924, stack(0x0000000028770000,0x0000000028870000)]
  0x000000002177c000 JavaThread "quartzScheduler_Worker-7" [_thread_blocked, id=8864, stack(0x0000000028670000,0x0000000028770000)]
  0x000000002177d800 JavaThread "quartzScheduler_Worker-6" [_thread_blocked, id=2876, stack(0x0000000028470000,0x0000000028570000)]
  0x0000000021780800 JavaThread "quartzScheduler_Worker-5" [_thread_blocked, id=5152, stack(0x0000000028370000,0x0000000028470000)]
  0x0000000021780000 JavaThread "quartzScheduler_Worker-4" [_thread_blocked, id=2812, stack(0x0000000027ff0000,0x00000000280f0000)]
  0x0000000021782000 JavaThread "quartzScheduler_Worker-3" [_thread_blocked, id=15700, stack(0x0000000027ef0000,0x0000000027ff0000)]
  0x0000000021783000 JavaThread "quartzScheduler_Worker-2" [_thread_blocked, id=1616, stack(0x0000000027df0000,0x0000000027ef0000)]
  0x000000002177f000 JavaThread "quartzScheduler_Worker-1" [_thread_blocked, id=12212, stack(0x0000000027220000,0x0000000027320000)]
  0x00000000219d4000 JavaThread "Abandoned connection cleanup thread" daemon [_thread_blocked, id=7356, stack(0x0000000025690000,0x0000000025790000)]
  0x000000001ea30800 JavaThread "Service Thread" daemon [_thread_blocked, id=14548, stack(0x000000001f530000,0x000000001f630000)]
  0x000000001e97c800 JavaThread "C1 CompilerThread3" daemon [_thread_blocked, id=12260, stack(0x000000001f430000,0x000000001f530000)]
  0x000000001e976800 JavaThread "C2 CompilerThread2" daemon [_thread_blocked, id=8596, stack(0x000000001f330000,0x000000001f430000)]
  0x000000001e972800 JavaThread "C2 CompilerThread1" daemon [_thread_blocked, id=14536, stack(0x000000001f230000,0x000000001f330000)]
  0x000000001e971000 JavaThread "C2 CompilerThread0" daemon [_thread_blocked, id=6576, stack(0x000000001f130000,0x000000001f230000)]
  0x000000001e967000 JavaThread "Monitor Ctrl-Break" daemon [_thread_in_native, id=17044, stack(0x000000001f030000,0x000000001f130000)]
  0x000000001e949800 JavaThread "Attach Listener" daemon [_thread_blocked, id=7584, stack(0x000000001ef20000,0x000000001f020000)]
  0x000000001e8f2000 JavaThread "Signal Dispatcher" daemon [_thread_blocked, id=12440, stack(0x000000001ee20000,0x000000001ef20000)]
=>0x000000001c9f6800 JavaThread "Finalizer" daemon [_thread_in_native, id=11332, stack(0x000000001ecb0000,0x000000001edb0000)]
  0x000000001c9ef800 JavaThread "Reference Handler" daemon [_thread_blocked, id=11288, stack(0x000000001e7b0000,0x000000001e8b0000)]
  0x0000000002d7b000 JavaThread "main" [_thread_blocked, id=1152, stack(0x0000000002c60000,0x0000000002d60000)]

Other Threads:
  0x000000001c9e5800 VMThread [stack: 0x000000001e6b0000,0x000000001e7b0000] [id=5804]
  0x000000001ea58800 WatcherThread [stack: 0x000000001f630000,0x000000001f730000] [id=1160]

VM state:not at safepoint (normal execution)

VM Mutex/Monitor currently owned by a thread: None

Heap:
 PSYoungGen      total 252416K, used 25563K [0x000000076b600000, 0x000000077f380000, 0x00000007c0000000)
  eden space 238592K, 4% used [0x000000076b600000,0x000000076c179560,0x0000000779f00000)
  from space 13824K, 99% used [0x0000000779f00000,0x000000077ac7d9d0,0x000000077ac80000)
  to   space 15872K, 0% used [0x000000077e400000,0x000000077e400000,0x000000077f380000)
 ParOldGen       total 149504K, used 19911K [0x00000006c2200000, 0x00000006cb400000, 0x000000076b600000)
  object space 149504K, 13% used [0x00000006c2200000,0x00000006c3571fe0,0x00000006cb400000)
 Metaspace       used 48894K, capacity 50836K, committed 50984K, reserved 1093632K
  class space    used 6249K, capacity 6582K, committed 6696K, reserved 1048576K

Card table byte_map: [0x0000000012390000,0x0000000012b80000] byte_map_base: 0x000000000ed7f000

Marking Bits: (ParMarkBitMap*) 0x00000000629608c0
 Begin Bits: [0x00000000138d0000, 0x0000000017848000)
 End Bits:   [0x0000000017848000, 0x000000001b7c0000)

Polling page: 0x0000000000fd0000

CodeCache: size=245760Kb used=19449Kb max_used=19626Kb free=226310Kb
 bounds [0x0000000002fd0000, 0x0000000004310000, 0x0000000011fd0000]
 total_blobs=5623 nmethods=5121 adapters=413
 compilation: enabled

Compilation events (10 events):
Event: 9.689 Thread 0x000000001e97c800 5795       3       java.util.regex.Pattern::sequence (553 bytes)
Event: 9.690 Thread 0x000000001e972800 5796       4       com.intellij.rt.execution.junit.MapSerializerUtil$1::escape (124 bytes)
Event: 9.690 Thread 0x000000001e972800 nmethod 5796 0x0000000003184fd0 code [0x0000000003185100, 0x0000000003185238]
Event: 9.691 Thread 0x000000001e971000 nmethod 5780 0x000000000430ac90 code [0x000000000430ae80, 0x000000000430bac0]
Event: 9.691 Thread 0x000000001e97c800 nmethod 5795 0x0000000003160650 code [0x0000000003160bc0, 0x0000000003163e88]
Event: 9.691 Thread 0x000000001e97c800 5797       3       java.nio.charset.CoderResult::isOverflow (14 bytes)
Event: 9.691 Thread 0x000000001e97c800 nmethod 5797 0x00000000031f04d0 code [0x00000000031f0620, 0x00000000031f07d0]
Event: 9.692 Thread 0x000000001e97c800 5798   !   3       java.util.logging.LogManager::ensureLogManagerInitialized (128 bytes)
Event: 9.702 Thread 0x000000001e97c800 nmethod 5798 0x00000000030e5ad0 code [0x00000000030e5c80, 0x00000000030e6308]
Event: 9.703 Thread 0x000000001e97c800 5799       3       java.util.logging.LogManager::access$100 (4 bytes)

GC Heap History (10 events):
Event: 3.738 GC heap before
{Heap before GC invocations=7 (full 1):
 PSYoungGen      total 136704K, used 102199K [0x000000076b600000, 0x0000000776f80000, 0x00000007c0000000)
  eden space 125952K, 72% used [0x000000076b600000,0x0000000770f8ae78,0x0000000773100000)
  from space 10752K, 97% used [0x0000000773100000,0x0000000773b42f40,0x0000000773b80000)
  to   space 11776K, 0% used [0x0000000776400000,0x0000000776400000,0x0000000776f80000)
 ParOldGen       total 95232K, used 7162K [0x00000006c2200000, 0x00000006c7f00000, 0x000000076b600000)
  object space 95232K, 7% used [0x00000006c2200000,0x00000006c28febd8,0x00000006c7f00000)
 Metaspace       used 34296K, capacity 35368K, committed 35496K, reserved 1079296K
  class space    used 4421K, capacity 4666K, committed 4776K, reserved 1048576K
Event: 3.747 GC heap after
Heap after GC invocations=7 (full 1):
 PSYoungGen      total 175616K, used 11766K [0x000000076b600000, 0x0000000778f80000, 0x00000007c0000000)
  eden space 163840K, 0% used [0x000000076b600000,0x000000076b600000,0x0000000775600000)
  from space 11776K, 99% used [0x0000000776400000,0x0000000776f7d890,0x0000000776f80000)
  to   space 14336K, 0% used [0x0000000775600000,0x0000000775600000,0x0000000776400000)
 ParOldGen       total 95232K, used 8839K [0x00000006c2200000, 0x00000006c7f00000, 0x000000076b600000)
  object space 95232K, 9% used [0x00000006c2200000,0x00000006c2aa1ea0,0x00000006c7f00000)
 Metaspace       used 34296K, capacity 35368K, committed 35496K, reserved 1079296K
  class space    used 4421K, capacity 4666K, committed 4776K, reserved 1048576K
}
Event: 3.748 GC heap before
{Heap before GC invocations=8 (full 2):
 PSYoungGen      total 175616K, used 11766K [0x000000076b600000, 0x0000000778f80000, 0x00000007c0000000)
  eden space 163840K, 0% used [0x000000076b600000,0x000000076b600000,0x0000000775600000)
  from space 11776K, 99% used [0x0000000776400000,0x0000000776f7d890,0x0000000776f80000)
  to   space 14336K, 0% used [0x0000000775600000,0x0000000775600000,0x0000000776400000)
 ParOldGen       total 95232K, used 8839K [0x00000006c2200000, 0x00000006c7f00000, 0x000000076b600000)
  object space 95232K, 9% used [0x00000006c2200000,0x00000006c2aa1ea0,0x00000006c7f00000)
 Metaspace       used 34296K, capacity 35368K, committed 35496K, reserved 1079296K
  class space    used 4421K, capacity 4666K, committed 4776K, reserved 1048576K
Event: 3.784 GC heap after
Heap after GC invocations=8 (full 2):
 PSYoungGen      total 175616K, used 0K [0x000000076b600000, 0x0000000778f80000, 0x00000007c0000000)
  eden space 163840K, 0% used [0x000000076b600000,0x000000076b600000,0x0000000775600000)
  from space 11776K, 0% used [0x0000000776400000,0x0000000776400000,0x0000000776f80000)
  to   space 14336K, 0% used [0x0000000775600000,0x0000000775600000,0x0000000776400000)
 ParOldGen       total 149504K, used 18329K [0x00000006c2200000, 0x00000006cb400000, 0x000000076b600000)
  object space 149504K, 12% used [0x00000006c2200000,0x00000006c33e67d0,0x00000006cb400000)
 Metaspace       used 34296K, capacity 35368K, committed 35496K, reserved 1079296K
  class space    used 4421K, capacity 4666K, committed 4776K, reserved 1048576K
}
Event: 4.347 GC heap before
{Heap before GC invocations=9 (full 2):
 PSYoungGen      total 175616K, used 163840K [0x000000076b600000, 0x0000000778f80000, 0x00000007c0000000)
  eden space 163840K, 100% used [0x000000076b600000,0x0000000775600000,0x0000000775600000)
  from space 11776K, 0% used [0x0000000776400000,0x0000000776400000,0x0000000776f80000)
  to   space 14336K, 0% used [0x0000000775600000,0x0000000775600000,0x0000000776400000)
 ParOldGen       total 149504K, used 18329K [0x00000006c2200000, 0x00000006cb400000, 0x000000076b600000)
  object space 149504K, 12% used [0x00000006c2200000,0x00000006c33e67d0,0x00000006cb400000)
 Metaspace       used 39626K, capacity 40836K, committed 41128K, reserved 1085440K
  class space    used 5001K, capacity 5260K, committed 5288K, reserved 1048576K
Event: 4.351 GC heap after
Heap after GC invocations=9 (full 2):
 PSYoungGen      total 178176K, used 5769K [0x000000076b600000, 0x000000077bf00000, 0x00000007c0000000)
  eden space 163840K, 0% used [0x000000076b600000,0x000000076b600000,0x0000000775600000)
  from space 14336K, 40% used [0x0000000775600000,0x0000000775ba2720,0x0000000776400000)
  to   space 14336K, 0% used [0x000000077b100000,0x000000077b100000,0x000000077bf00000)
 ParOldGen       total 149504K, used 18337K [0x00000006c2200000, 0x00000006cb400000, 0x000000076b600000)
  object space 149504K, 12% used [0x00000006c2200000,0x00000006c33e87d0,0x00000006cb400000)
 Metaspace       used 39626K, capacity 40836K, committed 41128K, reserved 1085440K
  class space    used 5001K, capacity 5260K, committed 5288K, reserved 1048576K
}
Event: 5.106 GC heap before
{Heap before GC invocations=10 (full 2):
 PSYoungGen      total 178176K, used 169609K [0x000000076b600000, 0x000000077bf00000, 0x00000007c0000000)
  eden space 163840K, 100% used [0x000000076b600000,0x0000000775600000,0x0000000775600000)
  from space 14336K, 40% used [0x0000000775600000,0x0000000775ba2720,0x0000000776400000)
  to   space 14336K, 0% used [0x000000077b100000,0x000000077b100000,0x000000077bf00000)
 ParOldGen       total 149504K, used 18337K [0x00000006c2200000, 0x00000006cb400000, 0x000000076b600000)
  object space 149504K, 12% used [0x00000006c2200000,0x00000006c33e87d0,0x00000006cb400000)
 Metaspace       used 42851K, capacity 44428K, committed 44712K, reserved 1087488K
  class space    used 5394K, capacity 5682K, committed 5800K, reserved 1048576K
Event: 5.113 GC heap after
Heap after GC invocations=10 (full 2):
 PSYoungGen      total 246784K, used 9172K [0x000000076b600000, 0x000000077ba00000, 0x00000007c0000000)
  eden space 237568K, 0% used [0x000000076b600000,0x000000076b600000,0x0000000779e00000)
  from space 9216K, 99% used [0x000000077b100000,0x000000077b9f5190,0x000000077ba00000)
  to   space 13824K, 0% used [0x0000000779f00000,0x0000000779f00000,0x000000077ac80000)
 ParOldGen       total 149504K, used 18345K [0x00000006c2200000, 0x00000006cb400000, 0x000000076b600000)
  object space 149504K, 12% used [0x00000006c2200000,0x00000006c33ea7d0,0x00000006cb400000)
 Metaspace       used 42851K, capacity 44428K, committed 44712K, reserved 1087488K
  class space    used 5394K, capacity 5682K, committed 5800K, reserved 1048576K
}
Event: 9.692 GC heap before
{Heap before GC invocations=11 (full 2):
 PSYoungGen      total 246784K, used 246740K [0x000000076b600000, 0x000000077ba00000, 0x00000007c0000000)
  eden space 237568K, 100% used [0x000000076b600000,0x0000000779e00000,0x0000000779e00000)
  from space 9216K, 99% used [0x000000077b100000,0x000000077b9f5190,0x000000077ba00000)
  to   space 13824K, 0% used [0x0000000779f00000,0x0000000779f00000,0x000000077ac80000)
 ParOldGen       total 149504K, used 18345K [0x00000006c2200000, 0x00000006cb400000, 0x000000076b600000)
  object space 149504K, 12% used [0x00000006c2200000,0x00000006c33ea7d0,0x00000006cb400000)
 Metaspace       used 48860K, capacity 50760K, committed 50984K, reserved 1093632K
  class space    used 6244K, capacity 6580K, committed 6696K, reserved 1048576K
Event: 9.701 GC heap after
Heap after GC invocations=11 (full 2):
 PSYoungGen      total 252416K, used 13814K [0x000000076b600000, 0x000000077f380000, 0x00000007c0000000)
  eden space 238592K, 0% used [0x000000076b600000,0x000000076b600000,0x0000000779f00000)
  from space 13824K, 99% used [0x0000000779f00000,0x000000077ac7d9d0,0x000000077ac80000)
  to   space 15872K, 0% used [0x000000077e400000,0x000000077e400000,0x000000077f380000)
 ParOldGen       total 149504K, used 19911K [0x00000006c2200000, 0x00000006cb400000, 0x000000076b600000)
  object space 149504K, 13% used [0x00000006c2200000,0x00000006c3571fe0,0x00000006cb400000)
 Metaspace       used 48860K, capacity 50760K, committed 50984K, reserved 1093632K
  class space    used 6244K, capacity 6580K, committed 6696K, reserved 1048576K
}

Deoptimization events (10 events):
Event: 5.839 Thread 0x0000000002d7b000 Uncommon trap: reason=class_check action=maybe_recompile pc=0x0000000003e40874 method=java.util.regex.Matcher.search(I)Z @ 86
Event: 5.881 Thread 0x0000000002d7b000 Uncommon trap: reason=class_check action=maybe_recompile pc=0x0000000003e40874 method=java.util.regex.Matcher.search(I)Z @ 86
Event: 5.893 Thread 0x0000000002d7b000 Uncommon trap: reason=unstable_if action=reinterpret pc=0x0000000003308f84 method=sun.nio.cs.UTF_8$Decoder.decode([BII[C)I @ 30
Event: 9.534 Thread 0x0000000002d7b000 Uncommon trap: reason=predicate action=maybe_recompile pc=0x0000000003380b0c method=java.lang.String.regionMatches(ZILjava/lang/String;II)Z @ 63
Event: 9.577 Thread 0x0000000002d7b000 Uncommon trap: reason=class_check action=maybe_recompile pc=0x0000000003a90b98 method=java.util.AbstractList$Itr.hasNext()Z @ 8
Event: 9.577 Thread 0x0000000002d7b000 Uncommon trap: reason=bimorphic action=maybe_recompile pc=0x0000000003c5ad08 method=java.util.AbstractList$Itr.next()Ljava/lang/Object; @ 14
Event: 9.578 Thread 0x0000000002d7b000 Uncommon trap: reason=class_check action=maybe_recompile pc=0x0000000003a90b98 method=java.util.AbstractList$Itr.hasNext()Z @ 8
Event: 9.578 Thread 0x0000000002d7b000 Uncommon trap: reason=bimorphic action=maybe_recompile pc=0x0000000003c5ad08 method=java.util.AbstractList$Itr.next()Ljava/lang/Object; @ 14
Event: 9.578 Thread 0x0000000002d7b000 Uncommon trap: reason=bimorphic action=maybe_recompile pc=0x0000000003c5ad08 method=java.util.AbstractList$Itr.next()Ljava/lang/Object; @ 14
Event: 9.578 Thread 0x0000000002d7b000 Uncommon trap: reason=bimorphic action=maybe_recompile pc=0x0000000003c5ad08 method=java.util.AbstractList$Itr.next()Ljava/lang/Object; @ 14

Classes redefined (0 events):
No events

Internal exceptions (10 events):
Event: 5.752 Thread 0x0000000002d7b000 Exception <a 'java/lang/ClassNotFoundException': org/springframework/beans/factory/DisposableBeanCustomizer> (0x00000007767c8b78) thrown at [C:\re\workspace\8-2-build-windows-amd64-cygwin\jdk8u171\10807\hotspot\src\share\vm\classfile\systemDictionary.cpp,
Event: 5.754 Thread 0x0000000002d7b000 Exception <a 'java/lang/ClassNotFoundException': java/lang/ObjectCustomizer> (0x000000077680e910) thrown at [C:\re\workspace\8-2-build-windows-amd64-cygwin\jdk8u171\10807\hotspot\src\share\vm\classfile\systemDictionary.cpp, line 210]
Event: 5.754 Thread 0x0000000002d7b000 Exception <a 'java/lang/ClassNotFoundException': org/springframework/web/multipart/support/StandardServletMultipartResolverCustomizer> (0x00000007768419a8) thrown at [C:\re\workspace\8-2-build-windows-amd64-cygwin\jdk8u171\10807\hotspot\src\share\vm\class
Event: 5.755 Thread 0x0000000002d7b000 Exception <a 'java/lang/ClassNotFoundException': org/springframework/web/multipart/MultipartResolverCustomizer> (0x000000077686bf30) thrown at [C:\re\workspace\8-2-build-windows-amd64-cygwin\jdk8u171\10807\hotspot\src\share\vm\classfile\systemDictionary.c
Event: 5.833 Thread 0x0000000002d7b000 Exception <a 'java/lang/ClassNotFoundException': java/util/MapBeanInfo> (0x00000007774f8df0) thrown at [C:\re\workspace\8-2-build-windows-amd64-cygwin\jdk8u171\10807\hotspot\src\share\vm\classfile\systemDictionary.cpp, line 210]
Event: 5.833 Thread 0x0000000002d7b000 Exception <a 'java/lang/ClassNotFoundException': java/util/MapCustomizer> (0x0000000777503508) thrown at [C:\re\workspace\8-2-build-windows-amd64-cygwin\jdk8u171\10807\hotspot\src\share\vm\classfile\systemDictionary.cpp, line 210]
Event: 9.515 Thread 0x0000000002d7b000 Exception <a 'java/lang/ClassNotFoundException': java/lang/ObjectCustomizer> (0x0000000777d55b58) thrown at [C:\re\workspace\8-2-build-windows-amd64-cygwin\jdk8u171\10807\hotspot\src\share\vm\classfile\systemDictionary.cpp, line 210]
Event: 9.515 Thread 0x0000000002d7b000 Exception <a 'java/lang/ClassNotFoundException': com/swf/attence/AttenceApplicationExcelTestsCustomizer> (0x0000000777d7b018) thrown at [C:\re\workspace\8-2-build-windows-amd64-cygwin\jdk8u171\10807\hotspot\src\share\vm\classfile\systemDictionary.cpp, lin
Event: 9.683 Thread 0x0000000002d7b000 Exception <a 'java/lang/NullPointerException'> (0x00000007798cbdf0) thrown at [C:\re\workspace\8-2-build-windows-amd64-cygwin\jdk8u171\10807\hotspot\src\share\vm\interpreter\linkResolver.cpp, line 1185]
Event: 9.684 Thread 0x0000000002d7b000 Exception <a 'java/lang/reflect/InvocationTargetException'> (0x00000007798cbff8) thrown at [C:\re\workspace\8-2-build-windows-amd64-cygwin\jdk8u171\10807\hotspot\src\share\vm\runtime\reflection.cpp, line 1092]

Events (10 events):
Event: 9.702 Executing VM operation: RevokeBias
Event: 9.702 Executing VM operation: RevokeBias done
Event: 9.702 Executing VM operation: RevokeBias
Event: 9.702 Executing VM operation: RevokeBias done
Event: 9.702 Executing VM operation: RevokeBias
Event: 9.703 Executing VM operation: RevokeBias done
Event: 9.703 Executing VM operation: RevokeBias
Event: 9.703 Executing VM operation: RevokeBias done
Event: 9.703 Executing VM operation: BulkRevokeBias
Event: 9.703 Executing VM operation: BulkRevokeBias done


Dynamic libraries:
0x00007ff719140000 - 0x00007ff719177000 	C:\Program Files\Java\jdk1.8.0_171\bin\java.exe
0x00007ffbe7ae0000 - 0x00007ffbe7cc1000 	C:\Windows\SYSTEM32\ntdll.dll
0x00007ffbe65f0000 - 0x00007ffbe66a2000 	C:\Windows\System32\KERNEL32.DLL
0x00007ffbe4ba0000 - 0x00007ffbe4e13000 	C:\Windows\System32\KERNELBASE.dll
0x00007ffbe7230000 - 0x00007ffbe72d1000 	C:\Windows\System32\ADVAPI32.dll
0x00007ffbe66b0000 - 0x00007ffbe674e000 	C:\Windows\System32\msvcrt.dll
0x00007ffbe73a0000 - 0x00007ffbe73fb000 	C:\Windows\System32\sechost.dll
0x00007ffbe6f80000 - 0x00007ffbe70a4000 	C:\Windows\System32\RPCRT4.dll
0x00007ffbe63c0000 - 0x00007ffbe6550000 	C:\Windows\System32\USER32.dll
0x00007ffbe4080000 - 0x00007ffbe40a0000 	C:\Windows\System32\win32u.dll
0x00007ffbe6960000 - 0x00007ffbe6988000 	C:\Windows\System32\GDI32.dll
0x00007ffbe4a00000 - 0x00007ffbe4b92000 	C:\Windows\System32\gdi32full.dll
0x00007ffbe4e20000 - 0x00007ffbe4ebf000 	C:\Windows\System32\msvcp_win.dll
0x00007ffbe3f00000 - 0x00007ffbe3ff8000 	C:\Windows\System32\ucrtbase.dll
0x00007ffbcdb10000 - 0x00007ffbcdd79000 	C:\Windows\WinSxS\amd64_microsoft.windows.common-controls_6595b64144ccf1df_6.0.17134.648_none_fb45a0e93062a6d2\COMCTL32.dll
0x00007ffbe7780000 - 0x00007ffbe7aa2000 	C:\Windows\System32\combase.dll
0x00007ffbe4000000 - 0x00007ffbe407a000 	C:\Windows\System32\bcryptPrimitives.dll
0x00007ffbe7110000 - 0x00007ffbe713d000 	C:\Windows\System32\IMM32.DLL
0x00000000629e0000 - 0x0000000062ab2000 	C:\Program Files\Java\jdk1.8.0_171\jre\bin\msvcr100.dll
0x0000000062140000 - 0x00000000629e0000 	C:\Program Files\Java\jdk1.8.0_171\jre\bin\server\jvm.dll
0x00007ffbe63b0000 - 0x00007ffbe63b8000 	C:\Windows\System32\PSAPI.DLL
0x00007ffbdff80000 - 0x00007ffbdff89000 	C:\Windows\SYSTEM32\WSOCK32.dll
0x00007ffbde7a0000 - 0x00007ffbde7aa000 	C:\Windows\SYSTEM32\VERSION.dll
0x00007ffbe1560000 - 0x00007ffbe1583000 	C:\Windows\SYSTEM32\WINMM.dll
0x00007ffbe6990000 - 0x00007ffbe69fc000 	C:\Windows\System32\WS2_32.dll
0x00007ffbe1440000 - 0x00007ffbe146a000 	C:\Windows\SYSTEM32\winmmbase.dll
0x00007ffbe3eb0000 - 0x00007ffbe3ef9000 	C:\Windows\System32\cfgmgr32.dll
0x0000000062130000 - 0x000000006213f000 	C:\Program Files\Java\jdk1.8.0_171\jre\bin\verify.dll
0x0000000062100000 - 0x0000000062129000 	C:\Program Files\Java\jdk1.8.0_171\jre\bin\java.dll
0x00000000620b0000 - 0x00000000620d3000 	C:\Program Files\Java\jdk1.8.0_171\jre\bin\instrument.dll
0x00000000620e0000 - 0x00000000620f6000 	C:\Program Files\Java\jdk1.8.0_171\jre\bin\zip.dll
0x00007ffbe4f70000 - 0x00007ffbe63b0000 	C:\Windows\System32\SHELL32.dll
0x00007ffbe72e0000 - 0x00007ffbe7389000 	C:\Windows\System32\shcore.dll
0x00007ffbe40a0000 - 0x00007ffbe47ad000 	C:\Windows\System32\windows.storage.dll
0x00007ffbe6f20000 - 0x00007ffbe6f71000 	C:\Windows\System32\shlwapi.dll
0x00007ffbe3e70000 - 0x00007ffbe3e81000 	C:\Windows\System32\kernel.appcore.dll
0x00007ffbe3e00000 - 0x00007ffbe3e1f000 	C:\Windows\System32\profapi.dll
0x00007ffbe3e20000 - 0x00007ffbe3e6c000 	C:\Windows\System32\powrprof.dll
0x00007ffbe3df0000 - 0x00007ffbe3dfa000 	C:\Windows\System32\FLTLIB.DLL
0x00007ffbde140000 - 0x00007ffbde15a000 	D:\Program Files\JetBrains\IntelliJ IDEA 2018.1.6\bin\breakgen64.dll
0x0000000061fa0000 - 0x0000000061fba000 	C:\Program Files\Java\jdk1.8.0_171\jre\bin\net.dll
0x00007ffbe3670000 - 0x00007ffbe36d6000 	C:\Windows\system32\mswsock.dll
0x0000000061f80000 - 0x0000000061f91000 	C:\Program Files\Java\jdk1.8.0_171\jre\bin\nio.dll
0x00000000620a0000 - 0x00000000620ad000 	C:\Program Files\Java\jdk1.8.0_171\jre\bin\management.dll
0x00007ffbc61d0000 - 0x00007ffbc61ff000 	C:\Program Files (x86)\Sangfor\SSL\ClientComponent\SangforNspX64.dll
0x00007ffbe7600000 - 0x00007ffbe7751000 	C:\Windows\System32\ole32.dll
0x00007ffbe6e50000 - 0x00007ffbe6f13000 	C:\Windows\System32\OLEAUT32.dll
0x00007ffbc61b0000 - 0x00007ffbc61c6000 	C:\Windows\system32\napinsp.dll
0x00007ffbc6190000 - 0x00007ffbc61aa000 	C:\Windows\system32\pnrpnsp.dll
0x00007ffbdfd80000 - 0x00007ffbdfd99000 	C:\Windows\system32\NLAapi.dll
0x00007ffbe3430000 - 0x00007ffbe34ee000 	C:\Windows\SYSTEM32\DNSAPI.dll
0x00007ffbe7390000 - 0x00007ffbe7398000 	C:\Windows\System32\NSI.dll
0x00007ffbe33f0000 - 0x00007ffbe3428000 	C:\Windows\SYSTEM32\IPHLPAPI.DLL
0x00007ffbd48f0000 - 0x00007ffbd48fe000 	C:\Windows\System32\winrnr.dll
0x00007ffbc6140000 - 0x00007ffbc6155000 	C:\Windows\System32\wshbth.dll
0x00007ffbd68c0000 - 0x00007ffbd69cd000 	C:\Windows\SysWOW64\ierd_tgp_lsp64.dll
0x00007ffbdcf30000 - 0x00007ffbdcf3a000 	C:\Windows\System32\rasadhlp.dll
0x00007ffbd74e0000 - 0x00007ffbd7552000 	C:\Windows\System32\fwpuclnt.dll
0x00007ffbe3950000 - 0x00007ffbe3975000 	C:\Windows\SYSTEM32\bcrypt.dll
0x0000000061ea0000 - 0x0000000061ec4000 	C:\Program Files\Java\jdk1.8.0_171\jre\bin\sunec.dll
0x00007ffbdd500000 - 0x00007ffbdd516000 	C:\Windows\SYSTEM32\dhcpcsvc6.DLL
0x00007ffbdd4e0000 - 0x00007ffbdd4fa000 	C:\Windows\SYSTEM32\dhcpcsvc.DLL
0x00007ffbe3830000 - 0x00007ffbe3847000 	C:\Windows\SYSTEM32\CRYPTSP.dll
0x00007ffbe3250000 - 0x00007ffbe3283000 	C:\Windows\system32\rsaenh.dll
0x00007ffbe3d20000 - 0x00007ffbe3d48000 	C:\Windows\SYSTEM32\USERENV.dll
0x00007ffbe3820000 - 0x00007ffbe382b000 	C:\Windows\SYSTEM32\CRYPTBASE.dll
0x00007ffbccf60000 - 0x00007ffbcd099000 	F:\attence\HCNetSDK.dll
0x00000000275a0000 - 0x0000000027bed000 	F:\attence\HCCore.dll
0x00007ffb80730000 - 0x00007ffb809f1000 	F:\attence\HCNetSDKCom\HCAlarm.dll
0x000000002b4b0000 - 0x000000002b800000 	F:\attence\HCNetSDKCom\HCCoreDevCfg.dll
0x00007ffbe2860000 - 0x00007ffbe2a29000 	C:\Windows\SYSTEM32\dbghelp.dll

VM Arguments:
jvm_args: -ea -Didea.test.cyclic.buffer.size=1048576 -javaagent:D:\Program Files\JetBrains\IntelliJ IDEA 2018.1.6\lib\idea_rt.jar=56431:D:\Program Files\JetBrains\IntelliJ IDEA 2018.1.6\bin -Dfile.encoding=UTF-8 
java_command: com.intellij.rt.execution.junit.JUnitStarter -ideVersion5 -junit4 com.swf.attence.AttenceApplicationExcelTests,contextLoads
java_class_path (initial): D:\Program Files\JetBrains\IntelliJ IDEA 2018.1.6\lib\idea_rt.jar;D:\Program Files\JetBrains\IntelliJ IDEA 2018.1.6\plugins\junit\lib\junit-rt.jar;D:\Program Files\JetBrains\IntelliJ IDEA 2018.1.6\plugins\junit\lib\junit5-rt.jar;C:\Program Files\Java\jdk1.8.0_171\jre\lib\charsets.jar;C:\Program Files\Java\jdk1.8.0_171\jre\lib\deploy.jar;C:\Program Files\Java\jdk1.8.0_171\jre\lib\ext\access-bridge-64.jar;C:\Program Files\Java\jdk1.8.0_171\jre\lib\ext\cldrdata.jar;C:\Program Files\Java\jdk1.8.0_171\jre\lib\ext\dnsns.jar;C:\Program Files\Java\jdk1.8.0_171\jre\lib\ext\jaccess.jar;C:\Program Files\Java\jdk1.8.0_171\jre\lib\ext\jfxrt.jar;C:\Program Files\Java\jdk1.8.0_171\jre\lib\ext\localedata.jar;C:\Program Files\Java\jdk1.8.0_171\jre\lib\ext\nashorn.jar;C:\Program Files\Java\jdk1.8.0_171\jre\lib\ext\sunec.jar;C:\Program Files\Java\jdk1.8.0_171\jre\lib\ext\sunjce_provider.jar;C:\Program Files\Java\jdk1.8.0_171\jre\lib\ext\sunmscapi.jar;C:\Program Files\Java\jdk1.8.0_171\jre\lib\ext\sunpkcs11.jar;C:\Program Files\Java\jdk1.8.0_171\jre\lib\ext\zipfs.jar;C:\Program Files\Java\jdk1.8.0_171\jre\lib\javaws.jar;C:\Program Files\Java\jdk1.8.0_171\jre\lib\jce.jar;C:\Program Files\Java\jdk1.8.0_171\jre\lib\jfr.jar;C:\Program Files\Java\jdk1.8.0_171\jre\lib\jfxswt.jar;C:\Program Files\Java\jdk1.8.0_171\jre\lib\jsse.jar;C:\Program Files\Java\jdk1.8.0_171\jre\lib\management-agent.jar;C:\Program Files\Java\jdk1.8.0_171\jre\lib\plugin.jar;C:\Program Files\Java\jdk1.8.0_171\jre\lib\resources.jar;C:\Program Files\Java\jdk1.8.0_171\jre\lib\rt.jar;F:\attence\target\test-classes;F:\attence\target\classes;C:\Users\White.Hou\.m2\repository\org\springframework\boot\spring-boot-starter-web\2.1.1.RELEASE\spring-boot-starter-web-2.1.1.RELEASE.jar;C:\Users\White.Hou\.m2\repository\org\springframework\boot\spring-boot-starter\2.1.1.RELEASE\spring-boot-starter-2.1.1.RELEASE.jar;C:\Users\White.Hou\.m2\repository\org\springframework\boot\spring-boot\2.1.1.RELEASE\spring-b
Launcher Type: SUN_STANDARD

Environment Variables:
JAVA_HOME=C:\Program Files\Java\jdk1.8.0_171
PATH=C:\Program Files (x86)\Common Files\Oracle\Java\javapath;C:\Program Files (x86)\Common Files\NetSarang;C:\Program Files (x86)\Intel\Intel(R) Management Engine Components\iCLS\;C:\Program Files\Intel\Intel(R) Management Engine Components\iCLS\;C:\Windows\system32;C:\Windows;C:\Windows\System32\Wbem;C:\Windows\System32\WindowsPowerShell\v1.0\;C:\Program Files (x86)\NVIDIA Corporation\PhysX\Common;C:\Program Files (x86)\Intel\Intel(R) Management Engine Components\DAL;C:\Program Files\Intel\Intel(R) Management Engine Components\DAL;C:\Program Files (x86)\Intel\Intel(R) Management Engine Components\IPT;C:\Program Files\Intel\Intel(R) Management Engine Components\IPT;C:\Program Files\Intel\WiFi\bin\;C:\Program Files\Common Files\Intel\WirelessCommon\;C:\Windows\system32;C:\Windows;C:\Windows\System32\Wbem;C:\Windows\System32\WindowsPowerShell\v1.0\;C:\Windows\System32\OpenSSH\;C:\Program Files\Java\jdk1.8.0_171\bin;C:\Program Files\Java\jdk1.8.0_171\jre\bin;C:\Python27;F:\apache-tomcat-8.5.34\bin;F:\mysql\bin;C:\Python27\Scripts;;C:\Program Files\NVIDIA Corporation\NVIDIA NvDLISR;C:\Program Files\dotnet\;D:\Program Files\IDM Computer Solutions\UltraCompare;C:\Users\White.Hou\AppData\Local\Microsoft\WindowsApps;C:\Users\White.Hou\AppData\Local\GitHubDesktop\bin;D:\Program Files\JetBrains\CLion 2018.3.4\bin;
USERNAME=White.Hou
OS=Windows_NT
PROCESSOR_IDENTIFIER=Intel64 Family 6 Model 158 Stepping 10, GenuineIntel



---------------  S Y S T E M  ---------------

OS: Windows 10.0 , 64 bit Build 17134 (10.0.17134.648)

CPU:total 8 (initial active 8) (4 cores per cpu, 2 threads per core) family 6 model 158 stepping 10, cmov, cx8, fxsr, mmx, sse, sse2, sse3, ssse3, sse4.1, sse4.2, popcnt, avx, avx2, aes, clmul, erms, 3dnowpref, lzcnt, ht, tsc, tscinvbit, bmi1, bmi2, adx

Memory: 4k page, physical 16634436k(8563044k free), swap 19124804k(6916940k free)

vm_info: Java HotSpot(TM) 64-Bit Server VM (25.171-b11) for windows-amd64 JRE (1.8.0_171-b11), built on Mar 28 2018 16:06:12 by "java_re" with MS VC++ 10.0 (VS2010)

time: Thu Mar 28 10:47:59 2019
elapsed time: 9 seconds (0d 0h 0m 9s)

