2019-03-03 01:00:00.576 ERROR 17476 --- [scheduling-1] o.s.s.s.TaskUtils$LoggingErrorHandler    : Unexpected error occurred in scheduled task.

java.sql.SQLException: Illegal operation on empty result set.
	at com.mysql.cj.jdbc.exceptions.SQLError.createSQLException(SQLError.java:129) ~[mysql-connector-java-8.0.13.jar:8.0.13]
	at com.mysql.cj.jdbc.exceptions.SQLError.createSQLException(SQLError.java:97) ~[mysql-connector-java-8.0.13.jar:8.0.13]
	at com.mysql.cj.jdbc.exceptions.SQLError.createSQLException(SQLError.java:89) ~[mysql-connector-java-8.0.13.jar:8.0.13]
	at com.mysql.cj.jdbc.exceptions.SQLError.createSQLException(SQLError.java:63) ~[mysql-connector-java-8.0.13.jar:8.0.13]
	at com.mysql.cj.jdbc.result.ResultSetImpl.checkRowPos(ResultSetImpl.java:517) ~[mysql-connector-java-8.0.13.jar:8.0.13]
	at com.mysql.cj.jdbc.result.ResultSetImpl.getString(ResultSetImpl.java:945) ~[mysql-connector-java-8.0.13.jar:8.0.13]
	at com.swf.attence.service.impl.EveryTaskServiceImpl.getInICommand(EveryTaskServiceImpl.java:362) ~[classes/:na]
	at com.swf.attence.hikConfig.CameraEveryTask.dataAnalysis(CameraEveryTask.java:48) ~[classes/:na]
	at sun.reflect.NativeMethodAccessorImpl.invoke0(Native Method) ~[na:1.8.0_171]
	at sun.reflect.NativeMethodAccessorImpl.invoke(NativeMethodAccessorImpl.java:62) ~[na:1.8.0_171]
	at sun.reflect.DelegatingMethodAccessorImpl.invoke(DelegatingMethodAccessorImpl.java:43) ~[na:1.8.0_171]
	at java.lang.reflect.Method.invoke(Method.java:498) ~[na:1.8.0_171]
	at org.springframework.scheduling.support.ScheduledMethodRunnable.run(ScheduledMethodRunnable.java:84) ~[spring-context-5.1.3.RELEASE.jar:5.1.3.RELEASE]
	at org.springframework.scheduling.support.DelegatingErrorHandlingRunnable.run(DelegatingErrorHandlingRunnable.java:54) ~[spring-context-5.1.3.RELEASE.jar:5.1.3.RELEASE]
	at org.springframework.scheduling.concurrent.ReschedulingRunnable.run(ReschedulingRunnable.java:93) [spring-context-5.1.3.RELEASE.jar:5.1.3.RELEASE]
	at java.util.concurrent.Executors$RunnableAdapter.call(Executors.java:511) [na:1.8.0_171]
	at java.util.concurrent.FutureTask.run$$$capture(FutureTask.java:266) [na:1.8.0_171]
	at java.util.concurrent.FutureTask.run(FutureTask.java) [na:1.8.0_171]
	at java.util.concurrent.ScheduledThreadPoolExecutor$ScheduledFutureTask.access$201(ScheduledThreadPoolExecutor.java:180) [na:1.8.0_171]
	at java.util.concurrent.ScheduledThreadPoolExecutor$ScheduledFutureTask.run(ScheduledThreadPoolExecutor.java:293) [na:1.8.0_171]
	at java.util.concurrent.ThreadPoolExecutor.runWorker(ThreadPoolExecutor.java:1149) [na:1.8.0_171]
	at java.util.concurrent.ThreadPoolExecutor$Worker.run(ThreadPoolExecutor.java:624) [na:1.8.0_171]
	at java.lang.Thread.run(Thread.java:748) [na:1.8.0_171]

2019-03-03 09:41:36.616  INFO 17996 --- [main] com.swf.attence.AttenceApplication       : Starting AttenceApplication on Whitehou with PID 17996 (F:\attence\target\classes started by White.Hou in F:\attence)
2019-03-03 09:41:36.619  INFO 17996 --- [main] com.swf.attence.AttenceApplication       : No active profile set, falling back to default profiles: default
2019-03-03 09:41:38.990  INFO 17996 --- [main] trationDelegate$BeanPostProcessorChecker : Bean 'shiroConfig' of type [com.swf.attence.shiro.ShiroConfig$$EnhancerBySpringCGLIB$$6959691c] is not eligible for getting processed by all BeanPostProcessors (for example: not eligible for auto-proxying)
2019-03-03 09:41:38.998  INFO 17996 --- [main] trationDelegate$BeanPostProcessorChecker : Bean 'org.springframework.transaction.annotation.ProxyTransactionManagementConfiguration' of type [org.springframework.transaction.annotation.ProxyTransactionManagementConfiguration$$EnhancerBySpringCGLIB$$6be9fc] is not eligible for getting processed by all BeanPostProcessors (for example: not eligible for auto-proxying)
2019-03-03 09:41:39.480  INFO 17996 --- [main] trationDelegate$BeanPostProcessorChecker : Bean 'modularRealmAuthenticator' of type [org.apache.shiro.authc.pam.ModularRealmAuthenticator] is not eligible for getting processed by all BeanPostProcessors (for example: not eligible for auto-proxying)
2019-03-03 09:41:39.484  INFO 17996 --- [main] trationDelegate$BeanPostProcessorChecker : Bean 'hashedCredentialsMatcher' of type [org.apache.shiro.authc.credential.HashedCredentialsMatcher] is not eligible for getting processed by all BeanPostProcessors (for example: not eligible for auto-proxying)
2019-03-03 09:41:39.527  INFO 17996 --- [main] trationDelegate$BeanPostProcessorChecker : Bean 'mybatis-plus-com.baomidou.mybatisplus.spring.boot.starter.MybatisPlusProperties' of type [com.baomidou.mybatisplus.spring.boot.starter.MybatisPlusProperties] is not eligible for getting processed by all BeanPostProcessors (for example: not eligible for auto-proxying)
2019-03-03 09:41:39.533  INFO 17996 --- [main] trationDelegate$BeanPostProcessorChecker : Bean 'com.baomidou.mybatisplus.spring.boot.starter.MybatisPlusAutoConfiguration' of type [com.baomidou.mybatisplus.spring.boot.starter.MybatisPlusAutoConfiguration$$EnhancerBySpringCGLIB$$4e0b8859] is not eligible for getting processed by all BeanPostProcessors (for example: not eligible for auto-proxying)
2019-03-03 09:41:39.535  INFO 17996 --- [main] trationDelegate$BeanPostProcessorChecker : Bean 'org.springframework.boot.autoconfigure.jdbc.DataSourceConfiguration$Generic' of type [org.springframework.boot.autoconfigure.jdbc.DataSourceConfiguration$Generic] is not eligible for getting processed by all BeanPostProcessors (for example: not eligible for auto-proxying)
2019-03-03 09:41:39.549  INFO 17996 --- [main] trationDelegate$BeanPostProcessorChecker : Bean 'spring.datasource-org.springframework.boot.autoconfigure.jdbc.DataSourceProperties' of type [org.springframework.boot.autoconfigure.jdbc.DataSourceProperties] is not eligible for getting processed by all BeanPostProcessors (for example: not eligible for auto-proxying)
2019-03-03 09:41:39.593  INFO 17996 --- [main] trationDelegate$BeanPostProcessorChecker : Bean 'dataSource' of type [com.alibaba.druid.pool.DruidDataSource] is not eligible for getting processed by all BeanPostProcessors (for example: not eligible for auto-proxying)
2019-03-03 09:41:39.609  INFO 17996 --- [main] trationDelegate$BeanPostProcessorChecker : Bean 'org.springframework.boot.autoconfigure.jdbc.DataSourceInitializerInvoker' of type [org.springframework.boot.autoconfigure.jdbc.DataSourceInitializerInvoker] is not eligible for getting processed by all BeanPostProcessors (for example: not eligible for auto-proxying)
2019-03-03 09:41:39.826  INFO 17996 --- [main] com.alibaba.druid.pool.DruidDataSource   : {dataSource-1} inited
2019-03-03 09:41:40.371  INFO 17996 --- [main] trationDelegate$BeanPostProcessorChecker : Bean 'sqlSessionFactory' of type [org.apache.ibatis.session.defaults.DefaultSqlSessionFactory] is not eligible for getting processed by all BeanPostProcessors (for example: not eligible for auto-proxying)
2019-03-03 09:41:40.375  INFO 17996 --- [main] trationDelegate$BeanPostProcessorChecker : Bean 'sqlSessionTemplate' of type [org.mybatis.spring.SqlSessionTemplate] is not eligible for getting processed by all BeanPostProcessors (for example: not eligible for auto-proxying)
2019-03-03 09:41:40.376  INFO 17996 --- [main] trationDelegate$BeanPostProcessorChecker : Bean 'adminMsgMapper' of type [org.mybatis.spring.mapper.MapperFactoryBean] is not eligible for getting processed by all BeanPostProcessors (for example: not eligible for auto-proxying)
2019-03-03 09:41:40.469  INFO 17996 --- [main] trationDelegate$BeanPostProcessorChecker : Bean 'adminMsgMapper' of type [com.sun.proxy.$Proxy62] is not eligible for getting processed by all BeanPostProcessors (for example: not eligible for auto-proxying)
2019-03-03 09:41:40.471  INFO 17996 --- [main] trationDelegate$BeanPostProcessorChecker : Bean 'adminMsgServiceImpl' of type [com.swf.attence.service.impl.AdminMsgServiceImpl] is not eligible for getting processed by all BeanPostProcessors (for example: not eligible for auto-proxying)
2019-03-03 09:41:40.497  INFO 17996 --- [main] trationDelegate$BeanPostProcessorChecker : Bean 'adminRealm' of type [com.swf.attence.shiro.AdminRealm] is not eligible for getting processed by all BeanPostProcessors (for example: not eligible for auto-proxying)
2019-03-03 09:41:40.502  INFO 17996 --- [main] trationDelegate$BeanPostProcessorChecker : Bean 'userMsgMapper' of type [org.mybatis.spring.mapper.MapperFactoryBean] is not eligible for getting processed by all BeanPostProcessors (for example: not eligible for auto-proxying)
2019-03-03 09:41:40.503  INFO 17996 --- [main] trationDelegate$BeanPostProcessorChecker : Bean 'userMsgMapper' of type [com.sun.proxy.$Proxy65] is not eligible for getting processed by all BeanPostProcessors (for example: not eligible for auto-proxying)
2019-03-03 09:41:40.505  INFO 17996 --- [main] trationDelegate$BeanPostProcessorChecker : Bean 'attenceMsgMapper' of type [org.mybatis.spring.mapper.MapperFactoryBean] is not eligible for getting processed by all BeanPostProcessors (for example: not eligible for auto-proxying)
2019-03-03 09:41:40.507  INFO 17996 --- [main] trationDelegate$BeanPostProcessorChecker : Bean 'attenceMsgMapper' of type [com.sun.proxy.$Proxy66] is not eligible for getting processed by all BeanPostProcessors (for example: not eligible for auto-proxying)
2019-03-03 09:41:40.510  INFO 17996 --- [main] trationDelegate$BeanPostProcessorChecker : Bean 'deptMsgMapper' of type [org.mybatis.spring.mapper.MapperFactoryBean] is not eligible for getting processed by all BeanPostProcessors (for example: not eligible for auto-proxying)
2019-03-03 09:41:40.512  INFO 17996 --- [main] trationDelegate$BeanPostProcessorChecker : Bean 'deptMsgMapper' of type [com.sun.proxy.$Proxy67] is not eligible for getting processed by all BeanPostProcessors (for example: not eligible for auto-proxying)
2019-03-03 09:41:40.513  INFO 17996 --- [main] trationDelegate$BeanPostProcessorChecker : Bean 'imgUploadImpl' of type [com.swf.attence.service.impl.ImgUploadImpl] is not eligible for getting processed by all BeanPostProcessors (for example: not eligible for auto-proxying)
2019-03-03 09:41:40.518  INFO 17996 --- [main] trationDelegate$BeanPostProcessorChecker : Bean 'cameraMsgMapper' of type [org.mybatis.spring.mapper.MapperFactoryBean] is not eligible for getting processed by all BeanPostProcessors (for example: not eligible for auto-proxying)
2019-03-03 09:41:40.518  INFO 17996 --- [main] trationDelegate$BeanPostProcessorChecker : Bean 'cameraMsgMapper' of type [com.sun.proxy.$Proxy68] is not eligible for getting processed by all BeanPostProcessors (for example: not eligible for auto-proxying)
2019-03-03 09:41:40.719  INFO 17996 --- [main] trationDelegate$BeanPostProcessorChecker : Bean 'clientDemo' of type [com.swf.attence.hikConfig.ClientDemo] is not eligible for getting processed by all BeanPostProcessors (for example: not eligible for auto-proxying)
2019-03-03 09:41:40.726  INFO 17996 --- [main] trationDelegate$BeanPostProcessorChecker : Bean 'cameraMsgServiceImpl' of type [com.swf.attence.service.impl.CameraMsgServiceImpl] is not eligible for getting processed by all BeanPostProcessors (for example: not eligible for auto-proxying)
2019-03-03 09:41:40.734  INFO 17996 --- [main] trationDelegate$BeanPostProcessorChecker : Bean 'attenceMsgServiceImpl' of type [com.swf.attence.service.impl.AttenceMsgServiceImpl] is not eligible for getting processed by all BeanPostProcessors (for example: not eligible for auto-proxying)
2019-03-03 09:41:40.739  INFO 17996 --- [main] trationDelegate$BeanPostProcessorChecker : Bean 'userMsgServiceImpl' of type [com.swf.attence.service.impl.UserMsgServiceImpl] is not eligible for getting processed by all BeanPostProcessors (for example: not eligible for auto-proxying)
2019-03-03 09:41:40.739  INFO 17996 --- [main] trationDelegate$BeanPostProcessorChecker : Bean 'userRealm' of type [com.swf.attence.shiro.UserRealm] is not eligible for getting processed by all BeanPostProcessors (for example: not eligible for auto-proxying)
2019-03-03 09:41:40.744  INFO 17996 --- [main] trationDelegate$BeanPostProcessorChecker : Bean 'securityManager' of type [org.apache.shiro.web.mgt.DefaultWebSecurityManager] is not eligible for getting processed by all BeanPostProcessors (for example: not eligible for auto-proxying)
2019-03-03 09:41:41.053  INFO 17996 --- [main] o.s.b.w.embedded.tomcat.TomcatWebServer  : Tomcat initialized with port(s): 8089 (http)
2019-03-03 09:41:41.077  INFO 17996 --- [main] o.apache.catalina.core.StandardService   : Starting service [Tomcat]
2019-03-03 09:41:41.078  INFO 17996 --- [main] org.apache.catalina.core.StandardEngine  : Starting Servlet Engine: Apache Tomcat/9.0.13
2019-03-03 09:41:41.083  INFO 17996 --- [main] o.a.catalina.core.AprLifecycleListener   : An older version [1.2.17] of the APR based Apache Tomcat Native library is installed, while Tomcat recommends a minimum version of [1.2.18]
2019-03-03 09:41:41.083  INFO 17996 --- [main] o.a.catalina.core.AprLifecycleListener   : Loaded APR based Apache Tomcat Native library [1.2.17] using APR version [1.6.3].
2019-03-03 09:41:41.083  INFO 17996 --- [main] o.a.catalina.core.AprLifecycleListener   : APR capabilities: IPv6 [true], sendfile [true], accept filters [false], random [true].
2019-03-03 09:41:41.083  INFO 17996 --- [main] o.a.catalina.core.AprLifecycleListener   : APR/OpenSSL configuration: useAprConnector [false], useOpenSSL [true]
2019-03-03 09:41:42.150  INFO 17996 --- [main] o.a.catalina.core.AprLifecycleListener   : OpenSSL successfully initialized [OpenSSL 1.0.2o  27 Mar 2018]
2019-03-03 09:41:42.328  INFO 17996 --- [main] o.a.c.c.C.[Tomcat].[localhost].[/]       : Initializing Spring embedded WebApplicationContext
2019-03-03 09:41:42.329  INFO 17996 --- [main] o.s.web.context.ContextLoader            : Root WebApplicationContext: initialization completed in 5660 ms
2019-03-03 09:41:42.696  INFO 17996 --- [main] o.s.s.concurrent.ThreadPoolTaskExecutor  : Initializing ExecutorService 'applicationTaskExecutor'
2019-03-03 09:41:42.950  INFO 17996 --- [main] org.quartz.impl.StdSchedulerFactory      : Using default implementation for ThreadExecutor
2019-03-03 09:41:42.961  INFO 17996 --- [main] org.quartz.core.SchedulerSignalerImpl    : Initialized Scheduler Signaller of type: class org.quartz.core.SchedulerSignalerImpl
2019-03-03 09:41:42.961  INFO 17996 --- [main] org.quartz.core.QuartzScheduler          : Quartz Scheduler v.2.3.0 created.
2019-03-03 09:41:42.962  INFO 17996 --- [main] org.quartz.simpl.RAMJobStore             : RAMJobStore initialized.
2019-03-03 09:41:42.962  INFO 17996 --- [main] org.quartz.core.QuartzScheduler          : Scheduler meta-data: Quartz Scheduler (v2.3.0) 'quartzScheduler' with instanceId 'NON_CLUSTERED'
  Scheduler class: 'org.quartz.core.QuartzScheduler' - running locally.
  NOT STARTED.
  Currently in standby mode.
  Number of jobs executed: 0
  Using thread pool 'org.quartz.simpl.SimpleThreadPool' - with 10 threads.
  Using job-store 'org.quartz.simpl.RAMJobStore' - which does not support persistence. and is not clustered.

2019-03-03 09:41:42.962  INFO 17996 --- [main] org.quartz.impl.StdSchedulerFactory      : Quartz scheduler 'quartzScheduler' initialized from an externally provided properties instance.
2019-03-03 09:41:42.963  INFO 17996 --- [main] org.quartz.impl.StdSchedulerFactory      : Quartz scheduler version: 2.3.0
2019-03-03 09:41:42.963  INFO 17996 --- [main] org.quartz.core.QuartzScheduler          : JobFactory set to: org.springframework.scheduling.quartz.SpringBeanJobFactory@5a85b4e6
2019-03-03 09:41:42.969  INFO 17996 --- [main] o.s.s.c.ThreadPoolTaskScheduler          : Initializing ExecutorService 'taskScheduler'
2019-03-03 09:41:43.023  INFO 17996 --- [main] o.s.s.quartz.SchedulerFactoryBean        : Starting Quartz Scheduler now
2019-03-03 09:41:43.023  INFO 17996 --- [main] org.quartz.core.QuartzScheduler          : Scheduler quartzScheduler_$_NON_CLUSTERED started.
2019-03-03 09:41:43.059  INFO 17996 --- [main] o.s.b.w.embedded.tomcat.TomcatWebServer  : Tomcat started on port(s): 8089 (http) with context path ''
2019-03-03 09:41:43.062  INFO 17996 --- [main] com.swf.attence.AttenceApplication       : Started AttenceApplication in 6.873 seconds (JVM running for 8.574)
2019-03-03 09:42:56.700  INFO 17996 --- [http-nio-8089-exec-1] o.a.c.c.C.[Tomcat].[localhost].[/]       : Initializing Spring DispatcherServlet 'dispatcherServlet'
2019-03-03 09:42:56.701  INFO 17996 --- [http-nio-8089-exec-1] o.s.web.servlet.DispatcherServlet        : Initializing Servlet 'dispatcherServlet'
2019-03-03 09:42:56.706  INFO 17996 --- [http-nio-8089-exec-1] o.s.web.servlet.DispatcherServlet        : Completed initialization in 5 ms
2019-03-03 09:42:58.754  INFO 17996 --- [http-nio-8089-exec-6] c.s.attence.controller.LoginController   : 用户admin登录
2019-03-03 09:43:01.976  WARN 17996 --- [http-nio-8089-exec-9] c.baomidou.mybatisplus.mapper.SqlHelper  : Warn: execute Method There are  3 results.
2019-03-03 09:43:01.976  INFO 17996 --- [http-nio-8089-exec-9] c.s.a.controller.UserMsgController       : 查出66666666相关考勤信息是: LeaveMsg{, id=8156ee5b10c0464da7f0b47a6cf7eeb7, username=66666666, failStart=2019-03-08 18:24, failEnd=2019-03-14 18:30:00, description=null, access=0}
2019-03-03 09:43:03.525  INFO 17996 --- [http-nio-8089-exec-10] c.swf.attence.controller.AjaxController  : 已通过该用户请求
2019-03-03 09:44:42.770  WARN 17996 --- [http-nio-8089-exec-8] c.baomidou.mybatisplus.mapper.SqlHelper  : Warn: execute Method There are  3 results.
2019-03-03 09:44:42.771  INFO 17996 --- [http-nio-8089-exec-8] c.s.a.controller.UserMsgController       : 查出66666666相关考勤信息是: LeaveMsg{, id=8156ee5b10c0464da7f0b47a6cf7eeb7, username=66666666, failStart=2019-03-08 18:24, failEnd=2019-03-14 18:30:00, description=null, access=0}
2019-03-03 09:45:37.726  WARN 17996 --- [http-nio-8089-exec-9] c.baomidou.mybatisplus.mapper.SqlHelper  : Warn: execute Method There are  3 results.
2019-03-03 09:45:37.728  INFO 17996 --- [http-nio-8089-exec-9] c.s.a.controller.UserMsgController       : 查出66666666相关考勤信息是: LeaveMsg{, id=8156ee5b10c0464da7f0b47a6cf7eeb7, username=66666666, failStart=2019-03-08 18:24, failEnd=2019-03-14 18:30:00, description=null, access=0}
2019-03-03 09:45:42.807 ERROR 17996 --- [http-nio-8089-exec-1] o.a.c.c.C.[.[.[/].[dispatcherServlet]    : Servlet.service() for servlet [dispatcherServlet] in context with path [] threw exception [Request processing failed; nested exception is org.springframework.dao.DuplicateKeyException: 
### Error updating database.  Cause: java.sql.SQLIntegrityConstraintViolationException: Duplicate entry '8156ee5b10c0464da7f0b47a6cf7eeb7' for key 'PRIMARY'
### The error may involve com.swf.attence.mapper.LeaveMsgMapper.insert-Inline
### The error occurred while setting parameters
### SQL: INSERT INTO leave_msg   ( id,  username,  fail_start,  fail_end,    `access` )  VALUES   ( ?,  ?,  ?,  ?,    ? )
### Cause: java.sql.SQLIntegrityConstraintViolationException: Duplicate entry '8156ee5b10c0464da7f0b47a6cf7eeb7' for key 'PRIMARY'
; Duplicate entry '8156ee5b10c0464da7f0b47a6cf7eeb7' for key 'PRIMARY'; nested exception is java.sql.SQLIntegrityConstraintViolationException: Duplicate entry '8156ee5b10c0464da7f0b47a6cf7eeb7' for key 'PRIMARY'] with root cause

java.sql.SQLIntegrityConstraintViolationException: Duplicate entry '8156ee5b10c0464da7f0b47a6cf7eeb7' for key 'PRIMARY'
	at com.mysql.cj.jdbc.exceptions.SQLError.createSQLException(SQLError.java:117) ~[mysql-connector-java-8.0.13.jar:8.0.13]
	at com.mysql.cj.jdbc.exceptions.SQLError.createSQLException(SQLError.java:97) ~[mysql-connector-java-8.0.13.jar:8.0.13]
	at com.mysql.cj.jdbc.exceptions.SQLExceptionsMapping.translateException(SQLExceptionsMapping.java:122) ~[mysql-connector-java-8.0.13.jar:8.0.13]
	at com.mysql.cj.jdbc.ClientPreparedStatement.executeInternal(ClientPreparedStatement.java:974) ~[mysql-connector-java-8.0.13.jar:8.0.13]
	at com.mysql.cj.jdbc.ClientPreparedStatement.execute(ClientPreparedStatement.java:391) ~[mysql-connector-java-8.0.13.jar:8.0.13]
	at com.alibaba.druid.pool.DruidPooledPreparedStatement.execute(DruidPooledPreparedStatement.java:494) ~[druid-1.1.3.jar:1.1.3]
	at org.apache.ibatis.executor.statement.PreparedStatementHandler.update(PreparedStatementHandler.java:46) ~[mybatis-3.4.5.jar:3.4.5]
	at org.apache.ibatis.executor.statement.RoutingStatementHandler.update(RoutingStatementHandler.java:74) ~[mybatis-3.4.5.jar:3.4.5]
	at org.apache.ibatis.executor.SimpleExecutor.doUpdate(SimpleExecutor.java:50) ~[mybatis-3.4.5.jar:3.4.5]
	at org.apache.ibatis.executor.BaseExecutor.update(BaseExecutor.java:117) ~[mybatis-3.4.5.jar:3.4.5]
	at org.apache.ibatis.executor.CachingExecutor.update(CachingExecutor.java:76) ~[mybatis-3.4.5.jar:3.4.5]
	at sun.reflect.NativeMethodAccessorImpl.invoke0(Native Method) ~[na:1.8.0_171]
	at sun.reflect.NativeMethodAccessorImpl.invoke(NativeMethodAccessorImpl.java:62) ~[na:1.8.0_171]
	at sun.reflect.DelegatingMethodAccessorImpl.invoke(DelegatingMethodAccessorImpl.java:43) ~[na:1.8.0_171]
	at java.lang.reflect.Method.invoke(Method.java:498) ~[na:1.8.0_171]
	at org.apache.ibatis.plugin.Plugin.invoke(Plugin.java:63) ~[mybatis-3.4.5.jar:3.4.5]
	at com.sun.proxy.$Proxy100.update(Unknown Source) ~[na:na]
	at org.apache.ibatis.session.defaults.DefaultSqlSession.update(DefaultSqlSession.java:198) ~[mybatis-3.4.5.jar:3.4.5]
	at org.apache.ibatis.session.defaults.DefaultSqlSession.insert(DefaultSqlSession.java:185) ~[mybatis-3.4.5.jar:3.4.5]
	at sun.reflect.NativeMethodAccessorImpl.invoke0(Native Method) ~[na:1.8.0_171]
	at sun.reflect.NativeMethodAccessorImpl.invoke(NativeMethodAccessorImpl.java:62) ~[na:1.8.0_171]
	at sun.reflect.DelegatingMethodAccessorImpl.invoke(DelegatingMethodAccessorImpl.java:43) ~[na:1.8.0_171]
	at java.lang.reflect.Method.invoke(Method.java:498) ~[na:1.8.0_171]
	at org.mybatis.spring.SqlSessionTemplate$SqlSessionInterceptor.invoke(SqlSessionTemplate.java:433) ~[mybatis-spring-1.3.1.jar:1.3.1]
	at com.sun.proxy.$Proxy58.insert(Unknown Source) ~[na:na]
	at org.mybatis.spring.SqlSessionTemplate.insert(SqlSessionTemplate.java:278) ~[mybatis-spring-1.3.1.jar:1.3.1]
	at org.apache.ibatis.binding.MapperMethod.execute(MapperMethod.java:57) ~[mybatis-3.4.5.jar:3.4.5]
	at org.apache.ibatis.binding.MapperProxy.invoke(MapperProxy.java:59) ~[mybatis-3.4.5.jar:3.4.5]
	at com.sun.proxy.$Proxy73.insert(Unknown Source) ~[na:na]
	at com.baomidou.mybatisplus.service.impl.ServiceImpl.insert(ServiceImpl.java:98) ~[mybatis-plus-support-2.1.8.jar:na]
	at com.baomidou.mybatisplus.service.impl.ServiceImpl$$FastClassBySpringCGLIB$$3e2398a4.invoke(<generated>) ~[mybatis-plus-support-2.1.8.jar:na]
	at org.springframework.cglib.proxy.MethodProxy.invoke(MethodProxy.java:218) ~[spring-core-5.1.3.RELEASE.jar:5.1.3.RELEASE]
	at org.springframework.aop.framework.CglibAopProxy$CglibMethodInvocation.invokeJoinpoint(CglibAopProxy.java:749) ~[spring-aop-5.1.3.RELEASE.jar:5.1.3.RELEASE]
	at org.springframework.aop.framework.ReflectiveMethodInvocation.proceed(ReflectiveMethodInvocation.java:163) ~[spring-aop-5.1.3.RELEASE.jar:5.1.3.RELEASE]
	at org.springframework.transaction.interceptor.TransactionAspectSupport.invokeWithinTransaction(TransactionAspectSupport.java:294) ~[spring-tx-5.1.3.RELEASE.jar:5.1.3.RELEASE]
	at org.springframework.transaction.interceptor.TransactionInterceptor.invoke(TransactionInterceptor.java:98) ~[spring-tx-5.1.3.RELEASE.jar:5.1.3.RELEASE]
	at org.springframework.aop.framework.ReflectiveMethodInvocation.proceed(ReflectiveMethodInvocation.java:186) ~[spring-aop-5.1.3.RELEASE.jar:5.1.3.RELEASE]
	at org.springframework.aop.framework.CglibAopProxy$DynamicAdvisedInterceptor.intercept(CglibAopProxy.java:688) ~[spring-aop-5.1.3.RELEASE.jar:5.1.3.RELEASE]
	at com.swf.attence.service.impl.LeaveMsgServiceImpl$$EnhancerBySpringCGLIB$$85c70e50.insert(<generated>) ~[classes/:na]
	at com.swf.attence.controller.AjaxController.acess(AjaxController.java:130) ~[classes/:na]
	at sun.reflect.NativeMethodAccessorImpl.invoke0(Native Method) ~[na:1.8.0_171]
	at sun.reflect.NativeMethodAccessorImpl.invoke(NativeMethodAccessorImpl.java:62) ~[na:1.8.0_171]
	at sun.reflect.DelegatingMethodAccessorImpl.invoke(DelegatingMethodAccessorImpl.java:43) ~[na:1.8.0_171]
	at java.lang.reflect.Method.invoke(Method.java:498) ~[na:1.8.0_171]
	at org.springframework.web.method.support.InvocableHandlerMethod.doInvoke(InvocableHandlerMethod.java:189) ~[spring-web-5.1.3.RELEASE.jar:5.1.3.RELEASE]
	at org.springframework.web.method.support.InvocableHandlerMethod.invokeForRequest(InvocableHandlerMethod.java:138) ~[spring-web-5.1.3.RELEASE.jar:5.1.3.RELEASE]
	at org.springframework.web.servlet.mvc.method.annotation.ServletInvocableHandlerMethod.invokeAndHandle(ServletInvocableHandlerMethod.java:102) ~[spring-webmvc-5.1.3.RELEASE.jar:5.1.3.RELEASE]
	at org.springframework.web.servlet.mvc.method.annotation.RequestMappingHandlerAdapter.invokeHandlerMethod(RequestMappingHandlerAdapter.java:895) ~[spring-webmvc-5.1.3.RELEASE.jar:5.1.3.RELEASE]
	at org.springframework.web.servlet.mvc.method.annotation.RequestMappingHandlerAdapter.handleInternal(RequestMappingHandlerAdapter.java:800) ~[spring-webmvc-5.1.3.RELEASE.jar:5.1.3.RELEASE]
	at org.springframework.web.servlet.mvc.method.AbstractHandlerMethodAdapter.handle(AbstractHandlerMethodAdapter.java:87) ~[spring-webmvc-5.1.3.RELEASE.jar:5.1.3.RELEASE]
	at org.springframework.web.servlet.DispatcherServlet.doDispatch(DispatcherServlet.java:1038) ~[spring-webmvc-5.1.3.RELEASE.jar:5.1.3.RELEASE]
	at org.springframework.web.servlet.DispatcherServlet.doService(DispatcherServlet.java:942) ~[spring-webmvc-5.1.3.RELEASE.jar:5.1.3.RELEASE]
	at org.springframework.web.servlet.FrameworkServlet.processRequest(FrameworkServlet.java:1005) ~[spring-webmvc-5.1.3.RELEASE.jar:5.1.3.RELEASE]
	at org.springframework.web.servlet.FrameworkServlet.doPost(FrameworkServlet.java:908) ~[spring-webmvc-5.1.3.RELEASE.jar:5.1.3.RELEASE]
	at javax.servlet.http.HttpServlet.service(HttpServlet.java:660) ~[tomcat-embed-core-9.0.13.jar:9.0.13]
	at org.springframework.web.servlet.FrameworkServlet.service(FrameworkServlet.java:882) ~[spring-webmvc-5.1.3.RELEASE.jar:5.1.3.RELEASE]
	at javax.servlet.http.HttpServlet.service(HttpServlet.java:741) ~[tomcat-embed-core-9.0.13.jar:9.0.13]
	at org.apache.catalina.core.ApplicationFilterChain.internalDoFilter(ApplicationFilterChain.java:231) ~[tomcat-embed-core-9.0.13.jar:9.0.13]
	at org.apache.catalina.core.ApplicationFilterChain.doFilter(ApplicationFilterChain.java:166) ~[tomcat-embed-core-9.0.13.jar:9.0.13]
	at org.apache.tomcat.websocket.server.WsFilter.doFilter(WsFilter.java:53) ~[tomcat-embed-websocket-9.0.13.jar:9.0.13]
	at org.apache.catalina.core.ApplicationFilterChain.internalDoFilter(ApplicationFilterChain.java:193) ~[tomcat-embed-core-9.0.13.jar:9.0.13]
	at org.apache.catalina.core.ApplicationFilterChain.doFilter(ApplicationFilterChain.java:166) ~[tomcat-embed-core-9.0.13.jar:9.0.13]
	at org.apache.shiro.web.servlet.AbstractShiroFilter.executeChain(AbstractShiroFilter.java:449) ~[shiro-web-1.4.0.jar:1.4.0]
	at org.apache.shiro.web.servlet.AbstractShiroFilter$1.call(AbstractShiroFilter.java:365) ~[shiro-web-1.4.0.jar:1.4.0]
	at org.apache.shiro.subject.support.SubjectCallable.doCall(SubjectCallable.java:90) ~[shiro-core-1.4.0.jar:1.4.0]
	at org.apache.shiro.subject.support.SubjectCallable.call(SubjectCallable.java:83) ~[shiro-core-1.4.0.jar:1.4.0]
	at org.apache.shiro.subject.support.DelegatingSubject.execute(DelegatingSubject.java:387) ~[shiro-core-1.4.0.jar:1.4.0]
	at org.apache.shiro.web.servlet.AbstractShiroFilter.doFilterInternal(AbstractShiroFilter.java:362) ~[shiro-web-1.4.0.jar:1.4.0]
	at org.apache.shiro.web.servlet.OncePerRequestFilter.doFilter(OncePerRequestFilter.java:125) ~[shiro-web-1.4.0.jar:1.4.0]
	at org.apache.catalina.core.ApplicationFilterChain.internalDoFilter(ApplicationFilterChain.java:193) ~[tomcat-embed-core-9.0.13.jar:9.0.13]
	at org.apache.catalina.core.ApplicationFilterChain.doFilter(ApplicationFilterChain.java:166) ~[tomcat-embed-core-9.0.13.jar:9.0.13]
	at org.springframework.web.filter.RequestContextFilter.doFilterInternal(RequestContextFilter.java:99) ~[spring-web-5.1.3.RELEASE.jar:5.1.3.RELEASE]
	at org.springframework.web.filter.OncePerRequestFilter.doFilter(OncePerRequestFilter.java:107) ~[spring-web-5.1.3.RELEASE.jar:5.1.3.RELEASE]
	at org.apache.catalina.core.ApplicationFilterChain.internalDoFilter(ApplicationFilterChain.java:193) ~[tomcat-embed-core-9.0.13.jar:9.0.13]
	at org.apache.catalina.core.ApplicationFilterChain.doFilter(ApplicationFilterChain.java:166) ~[tomcat-embed-core-9.0.13.jar:9.0.13]
	at org.springframework.web.filter.FormContentFilter.doFilterInternal(FormContentFilter.java:92) ~[spring-web-5.1.3.RELEASE.jar:5.1.3.RELEASE]
	at org.springframework.web.filter.OncePerRequestFilter.doFilter(OncePerRequestFilter.java:107) ~[spring-web-5.1.3.RELEASE.jar:5.1.3.RELEASE]
	at org.apache.catalina.core.ApplicationFilterChain.internalDoFilter(ApplicationFilterChain.java:193) ~[tomcat-embed-core-9.0.13.jar:9.0.13]
	at org.apache.catalina.core.ApplicationFilterChain.doFilter(ApplicationFilterChain.java:166) ~[tomcat-embed-core-9.0.13.jar:9.0.13]
	at org.springframework.web.filter.HiddenHttpMethodFilter.doFilterInternal(HiddenHttpMethodFilter.java:93) ~[spring-web-5.1.3.RELEASE.jar:5.1.3.RELEASE]
	at org.springframework.web.filter.OncePerRequestFilter.doFilter(OncePerRequestFilter.java:107) ~[spring-web-5.1.3.RELEASE.jar:5.1.3.RELEASE]
	at org.apache.catalina.core.ApplicationFilterChain.internalDoFilter(ApplicationFilterChain.java:193) ~[tomcat-embed-core-9.0.13.jar:9.0.13]
	at org.apache.catalina.core.ApplicationFilterChain.doFilter(ApplicationFilterChain.java:166) ~[tomcat-embed-core-9.0.13.jar:9.0.13]
	at org.springframework.web.filter.CharacterEncodingFilter.doFilterInternal(CharacterEncodingFilter.java:200) ~[spring-web-5.1.3.RELEASE.jar:5.1.3.RELEASE]
	at org.springframework.web.filter.OncePerRequestFilter.doFilter(OncePerRequestFilter.java:107) ~[spring-web-5.1.3.RELEASE.jar:5.1.3.RELEASE]
	at org.apache.catalina.core.ApplicationFilterChain.internalDoFilter(ApplicationFilterChain.java:193) ~[tomcat-embed-core-9.0.13.jar:9.0.13]
	at org.apache.catalina.core.ApplicationFilterChain.doFilter(ApplicationFilterChain.java:166) ~[tomcat-embed-core-9.0.13.jar:9.0.13]
	at org.apache.catalina.core.StandardWrapperValve.invoke(StandardWrapperValve.java:199) ~[tomcat-embed-core-9.0.13.jar:9.0.13]
	at org.apache.catalina.core.StandardContextValve.invoke(StandardContextValve.java:96) [tomcat-embed-core-9.0.13.jar:9.0.13]
	at org.apache.catalina.authenticator.AuthenticatorBase.invoke(AuthenticatorBase.java:490) [tomcat-embed-core-9.0.13.jar:9.0.13]
	at org.apache.catalina.core.StandardHostValve.invoke(StandardHostValve.java:139) [tomcat-embed-core-9.0.13.jar:9.0.13]
	at org.apache.catalina.valves.ErrorReportValve.invoke(ErrorReportValve.java:92) [tomcat-embed-core-9.0.13.jar:9.0.13]
	at org.apache.catalina.core.StandardEngineValve.invoke(StandardEngineValve.java:74) [tomcat-embed-core-9.0.13.jar:9.0.13]
	at org.apache.catalina.connector.CoyoteAdapter.service(CoyoteAdapter.java:343) [tomcat-embed-core-9.0.13.jar:9.0.13]
	at org.apache.coyote.http11.Http11Processor.service(Http11Processor.java:408) [tomcat-embed-core-9.0.13.jar:9.0.13]
	at org.apache.coyote.AbstractProcessorLight.process(AbstractProcessorLight.java:66) [tomcat-embed-core-9.0.13.jar:9.0.13]
	at org.apache.coyote.AbstractProtocol$ConnectionHandler.process(AbstractProtocol.java:791) [tomcat-embed-core-9.0.13.jar:9.0.13]
	at org.apache.tomcat.util.net.NioEndpoint$SocketProcessor.doRun(NioEndpoint.java:1417) [tomcat-embed-core-9.0.13.jar:9.0.13]
	at org.apache.tomcat.util.net.SocketProcessorBase.run(SocketProcessorBase.java:49) [tomcat-embed-core-9.0.13.jar:9.0.13]
	at java.util.concurrent.ThreadPoolExecutor.runWorker(ThreadPoolExecutor.java:1149) [na:1.8.0_171]
	at java.util.concurrent.ThreadPoolExecutor$Worker.run(ThreadPoolExecutor.java:624) [na:1.8.0_171]
	at org.apache.tomcat.util.threads.TaskThread$WrappingRunnable.run(TaskThread.java:61) [tomcat-embed-core-9.0.13.jar:9.0.13]
	at java.lang.Thread.run(Thread.java:748) [na:1.8.0_171]

2019-03-03 09:51:29.339  WARN 17996 --- [http-nio-8089-exec-2] c.baomidou.mybatisplus.mapper.SqlHelper  : Warn: execute Method There are  3 results.
2019-03-03 09:51:29.339  INFO 17996 --- [http-nio-8089-exec-2] c.s.a.controller.UserMsgController       : 查出66666666相关考勤信息是: LeaveMsg{, id=8156ee5b10c0464da7f0b47a6cf7eeb7, username=66666666, failStart=2019-03-08 18:24, failEnd=2019-03-14 18:30:00, description=null, access=0}
2019-03-03 09:51:42.652  INFO 17996 --- [http-nio-8089-exec-5] c.swf.attence.controller.AjaxController  : 已通过该用户请求
2019-03-03 09:52:58.989  WARN 17996 --- [http-nio-8089-exec-2] c.baomidou.mybatisplus.mapper.SqlHelper  : Warn: execute Method There are  3 results.
2019-03-03 09:52:58.991  INFO 17996 --- [http-nio-8089-exec-2] c.s.a.controller.UserMsgController       : 查出66666666相关考勤信息是: LeaveMsg{, id=8156ee5b10c0464da7f0b47a6cf7eeb7, username=66666666, failStart=2019-03-08 18:24, failEnd=2019-03-14 18:30:00, description=null, access=1}
2019-03-03 09:53:02.673  INFO 17996 --- [http-nio-8089-exec-4] c.swf.attence.controller.AjaxController  : 已通过该用户请求
2019-03-03 09:53:46.682  WARN 17996 --- [http-nio-8089-exec-10] c.baomidou.mybatisplus.mapper.SqlHelper  : Warn: execute Method There are  3 results.
2019-03-03 09:53:46.683  INFO 17996 --- [http-nio-8089-exec-10] c.s.a.controller.UserMsgController       : 查出66666666相关考勤信息是: LeaveMsg{, id=8156ee5b10c0464da7f0b47a6cf7eeb7, username=66666666, failStart=2019-03-08 18:24, failEnd=2019-03-14 18:30:00, description=null, access=0}
2019-03-03 09:54:33.635  INFO 17996 --- [http-nio-8089-exec-3] c.swf.attence.controller.AjaxController  : 已通过该用户请求
2019-03-03 09:56:19.097  WARN 17996 --- [http-nio-8089-exec-9] c.baomidou.mybatisplus.mapper.SqlHelper  : Warn: execute Method There are  3 results.
2019-03-03 09:56:19.097  INFO 17996 --- [http-nio-8089-exec-9] c.s.a.controller.UserMsgController       : 查出66666666相关考勤信息是: LeaveMsg{, id=8156ee5b10c0464da7f0b47a6cf7eeb7, username=66666666, failStart=2019-03-08 18:24, failEnd=2019-03-14 18:30:00, description=null, access=0}
2019-03-03 09:57:33.331  INFO 17996 --- [http-nio-8089-exec-10] c.swf.attence.controller.AjaxController  : 已通过该用户请求
2019-03-03 09:58:22.570  INFO 6444 --- [main] com.swf.attence.AttenceApplication       : Starting AttenceApplication on Whitehou with PID 6444 (F:\attence\target\classes started by White.Hou in F:\attence)
2019-03-03 09:58:22.573  INFO 6444 --- [main] com.swf.attence.AttenceApplication       : No active profile set, falling back to default profiles: default
2019-03-03 09:58:23.532  INFO 6444 --- [main] trationDelegate$BeanPostProcessorChecker : Bean 'shiroConfig' of type [com.swf.attence.shiro.ShiroConfig$$EnhancerBySpringCGLIB$$2a874b28] is not eligible for getting processed by all BeanPostProcessors (for example: not eligible for auto-proxying)
2019-03-03 09:58:23.545  INFO 6444 --- [main] trationDelegate$BeanPostProcessorChecker : Bean 'org.springframework.transaction.annotation.ProxyTransactionManagementConfiguration' of type [org.springframework.transaction.annotation.ProxyTransactionManagementConfiguration$$EnhancerBySpringCGLIB$$c199cc08] is not eligible for getting processed by all BeanPostProcessors (for example: not eligible for auto-proxying)
2019-03-03 09:58:24.060  INFO 6444 --- [main] trationDelegate$BeanPostProcessorChecker : Bean 'modularRealmAuthenticator' of type [org.apache.shiro.authc.pam.ModularRealmAuthenticator] is not eligible for getting processed by all BeanPostProcessors (for example: not eligible for auto-proxying)
2019-03-03 09:58:24.070  INFO 6444 --- [main] trationDelegate$BeanPostProcessorChecker : Bean 'hashedCredentialsMatcher' of type [org.apache.shiro.authc.credential.HashedCredentialsMatcher] is not eligible for getting processed by all BeanPostProcessors (for example: not eligible for auto-proxying)
2019-03-03 09:58:24.139  INFO 6444 --- [main] trationDelegate$BeanPostProcessorChecker : Bean 'mybatis-plus-com.baomidou.mybatisplus.spring.boot.starter.MybatisPlusProperties' of type [com.baomidou.mybatisplus.spring.boot.starter.MybatisPlusProperties] is not eligible for getting processed by all BeanPostProcessors (for example: not eligible for auto-proxying)
2019-03-03 09:58:24.146  INFO 6444 --- [main] trationDelegate$BeanPostProcessorChecker : Bean 'com.baomidou.mybatisplus.spring.boot.starter.MybatisPlusAutoConfiguration' of type [com.baomidou.mybatisplus.spring.boot.starter.MybatisPlusAutoConfiguration$$EnhancerBySpringCGLIB$$f396a65] is not eligible for getting processed by all BeanPostProcessors (for example: not eligible for auto-proxying)
2019-03-03 09:58:24.150  INFO 6444 --- [main] trationDelegate$BeanPostProcessorChecker : Bean 'org.springframework.boot.autoconfigure.jdbc.DataSourceConfiguration$Generic' of type [org.springframework.boot.autoconfigure.jdbc.DataSourceConfiguration$Generic] is not eligible for getting processed by all BeanPostProcessors (for example: not eligible for auto-proxying)
2019-03-03 09:58:24.166  INFO 6444 --- [main] trationDelegate$BeanPostProcessorChecker : Bean 'spring.datasource-org.springframework.boot.autoconfigure.jdbc.DataSourceProperties' of type [org.springframework.boot.autoconfigure.jdbc.DataSourceProperties] is not eligible for getting processed by all BeanPostProcessors (for example: not eligible for auto-proxying)
2019-03-03 09:58:24.216  INFO 6444 --- [main] trationDelegate$BeanPostProcessorChecker : Bean 'dataSource' of type [com.alibaba.druid.pool.DruidDataSource] is not eligible for getting processed by all BeanPostProcessors (for example: not eligible for auto-proxying)
2019-03-03 09:58:24.231  INFO 6444 --- [main] trationDelegate$BeanPostProcessorChecker : Bean 'org.springframework.boot.autoconfigure.jdbc.DataSourceInitializerInvoker' of type [org.springframework.boot.autoconfigure.jdbc.DataSourceInitializerInvoker] is not eligible for getting processed by all BeanPostProcessors (for example: not eligible for auto-proxying)
2019-03-03 09:58:24.391  INFO 6444 --- [main] com.alibaba.druid.pool.DruidDataSource   : {dataSource-1} inited
2019-03-03 09:58:25.089  INFO 6444 --- [main] trationDelegate$BeanPostProcessorChecker : Bean 'sqlSessionFactory' of type [org.apache.ibatis.session.defaults.DefaultSqlSessionFactory] is not eligible for getting processed by all BeanPostProcessors (for example: not eligible for auto-proxying)
2019-03-03 09:58:25.091  INFO 6444 --- [main] trationDelegate$BeanPostProcessorChecker : Bean 'sqlSessionTemplate' of type [org.mybatis.spring.SqlSessionTemplate] is not eligible for getting processed by all BeanPostProcessors (for example: not eligible for auto-proxying)
2019-03-03 09:58:25.093  INFO 6444 --- [main] trationDelegate$BeanPostProcessorChecker : Bean 'adminMsgMapper' of type [org.mybatis.spring.mapper.MapperFactoryBean] is not eligible for getting processed by all BeanPostProcessors (for example: not eligible for auto-proxying)
2019-03-03 09:58:25.099  INFO 6444 --- [main] trationDelegate$BeanPostProcessorChecker : Bean 'adminMsgMapper' of type [com.sun.proxy.$Proxy62] is not eligible for getting processed by all BeanPostProcessors (for example: not eligible for auto-proxying)
2019-03-03 09:58:25.101  INFO 6444 --- [main] trationDelegate$BeanPostProcessorChecker : Bean 'adminMsgServiceImpl' of type [com.swf.attence.service.impl.AdminMsgServiceImpl] is not eligible for getting processed by all BeanPostProcessors (for example: not eligible for auto-proxying)
2019-03-03 09:58:25.134  INFO 6444 --- [main] trationDelegate$BeanPostProcessorChecker : Bean 'adminRealm' of type [com.swf.attence.shiro.AdminRealm] is not eligible for getting processed by all BeanPostProcessors (for example: not eligible for auto-proxying)
2019-03-03 09:58:25.140  INFO 6444 --- [main] trationDelegate$BeanPostProcessorChecker : Bean 'userMsgMapper' of type [org.mybatis.spring.mapper.MapperFactoryBean] is not eligible for getting processed by all BeanPostProcessors (for example: not eligible for auto-proxying)
2019-03-03 09:58:25.140  INFO 6444 --- [main] trationDelegate$BeanPostProcessorChecker : Bean 'userMsgMapper' of type [com.sun.proxy.$Proxy65] is not eligible for getting processed by all BeanPostProcessors (for example: not eligible for auto-proxying)
2019-03-03 09:58:25.144  INFO 6444 --- [main] trationDelegate$BeanPostProcessorChecker : Bean 'attenceMsgMapper' of type [org.mybatis.spring.mapper.MapperFactoryBean] is not eligible for getting processed by all BeanPostProcessors (for example: not eligible for auto-proxying)
2019-03-03 09:58:25.146  INFO 6444 --- [main] trationDelegate$BeanPostProcessorChecker : Bean 'attenceMsgMapper' of type [com.sun.proxy.$Proxy66] is not eligible for getting processed by all BeanPostProcessors (for example: not eligible for auto-proxying)
2019-03-03 09:58:25.150  INFO 6444 --- [main] trationDelegate$BeanPostProcessorChecker : Bean 'deptMsgMapper' of type [org.mybatis.spring.mapper.MapperFactoryBean] is not eligible for getting processed by all BeanPostProcessors (for example: not eligible for auto-proxying)
2019-03-03 09:58:25.151  INFO 6444 --- [main] trationDelegate$BeanPostProcessorChecker : Bean 'deptMsgMapper' of type [com.sun.proxy.$Proxy67] is not eligible for getting processed by all BeanPostProcessors (for example: not eligible for auto-proxying)
2019-03-03 09:58:25.152  INFO 6444 --- [main] trationDelegate$BeanPostProcessorChecker : Bean 'imgUploadImpl' of type [com.swf.attence.service.impl.ImgUploadImpl] is not eligible for getting processed by all BeanPostProcessors (for example: not eligible for auto-proxying)
2019-03-03 09:58:25.157  INFO 6444 --- [main] trationDelegate$BeanPostProcessorChecker : Bean 'cameraMsgMapper' of type [org.mybatis.spring.mapper.MapperFactoryBean] is not eligible for getting processed by all BeanPostProcessors (for example: not eligible for auto-proxying)
2019-03-03 09:58:25.158  INFO 6444 --- [main] trationDelegate$BeanPostProcessorChecker : Bean 'cameraMsgMapper' of type [com.sun.proxy.$Proxy68] is not eligible for getting processed by all BeanPostProcessors (for example: not eligible for auto-proxying)
2019-03-03 09:58:25.239  INFO 6444 --- [main] trationDelegate$BeanPostProcessorChecker : Bean 'clientDemo' of type [com.swf.attence.hikConfig.ClientDemo] is not eligible for getting processed by all BeanPostProcessors (for example: not eligible for auto-proxying)
2019-03-03 09:58:25.252  INFO 6444 --- [main] trationDelegate$BeanPostProcessorChecker : Bean 'cameraMsgServiceImpl' of type [com.swf.attence.service.impl.CameraMsgServiceImpl] is not eligible for getting processed by all BeanPostProcessors (for example: not eligible for auto-proxying)
2019-03-03 09:58:25.268  INFO 6444 --- [main] trationDelegate$BeanPostProcessorChecker : Bean 'attenceMsgServiceImpl' of type [com.swf.attence.service.impl.AttenceMsgServiceImpl] is not eligible for getting processed by all BeanPostProcessors (for example: not eligible for auto-proxying)
2019-03-03 09:58:25.276  INFO 6444 --- [main] trationDelegate$BeanPostProcessorChecker : Bean 'userMsgServiceImpl' of type [com.swf.attence.service.impl.UserMsgServiceImpl] is not eligible for getting processed by all BeanPostProcessors (for example: not eligible for auto-proxying)
2019-03-03 09:58:25.277  INFO 6444 --- [main] trationDelegate$BeanPostProcessorChecker : Bean 'userRealm' of type [com.swf.attence.shiro.UserRealm] is not eligible for getting processed by all BeanPostProcessors (for example: not eligible for auto-proxying)
2019-03-03 09:58:25.283  INFO 6444 --- [main] trationDelegate$BeanPostProcessorChecker : Bean 'securityManager' of type [org.apache.shiro.web.mgt.DefaultWebSecurityManager] is not eligible for getting processed by all BeanPostProcessors (for example: not eligible for auto-proxying)
2019-03-03 09:58:25.707  INFO 6444 --- [main] o.s.b.w.embedded.tomcat.TomcatWebServer  : Tomcat initialized with port(s): 8089 (http)
2019-03-03 09:58:25.749  INFO 6444 --- [main] o.apache.catalina.core.StandardService   : Starting service [Tomcat]
2019-03-03 09:58:25.749  INFO 6444 --- [main] org.apache.catalina.core.StandardEngine  : Starting Servlet Engine: Apache Tomcat/9.0.13
2019-03-03 09:58:25.765  INFO 6444 --- [main] o.a.catalina.core.AprLifecycleListener   : An older version [1.2.17] of the APR based Apache Tomcat Native library is installed, while Tomcat recommends a minimum version of [1.2.18]
2019-03-03 09:58:25.766  INFO 6444 --- [main] o.a.catalina.core.AprLifecycleListener   : Loaded APR based Apache Tomcat Native library [1.2.17] using APR version [1.6.3].
2019-03-03 09:58:25.768  INFO 6444 --- [main] o.a.catalina.core.AprLifecycleListener   : APR capabilities: IPv6 [true], sendfile [true], accept filters [false], random [true].
2019-03-03 09:58:25.768  INFO 6444 --- [main] o.a.catalina.core.AprLifecycleListener   : APR/OpenSSL configuration: useAprConnector [false], useOpenSSL [true]
2019-03-03 09:58:26.848  INFO 6444 --- [main] o.a.catalina.core.AprLifecycleListener   : OpenSSL successfully initialized [OpenSSL 1.0.2o  27 Mar 2018]
2019-03-03 09:58:27.075  INFO 6444 --- [main] o.a.c.c.C.[Tomcat].[localhost].[/]       : Initializing Spring embedded WebApplicationContext
2019-03-03 09:58:27.075  INFO 6444 --- [main] o.s.web.context.ContextLoader            : Root WebApplicationContext: initialization completed in 4454 ms
2019-03-03 09:58:27.501  INFO 6444 --- [main] o.s.s.concurrent.ThreadPoolTaskExecutor  : Initializing ExecutorService 'applicationTaskExecutor'
2019-03-03 09:58:27.776  INFO 6444 --- [main] org.quartz.impl.StdSchedulerFactory      : Using default implementation for ThreadExecutor
2019-03-03 09:58:27.809  INFO 6444 --- [main] org.quartz.core.SchedulerSignalerImpl    : Initialized Scheduler Signaller of type: class org.quartz.core.SchedulerSignalerImpl
2019-03-03 09:58:27.810  INFO 6444 --- [main] org.quartz.core.QuartzScheduler          : Quartz Scheduler v.2.3.0 created.
2019-03-03 09:58:27.813  INFO 6444 --- [main] org.quartz.simpl.RAMJobStore             : RAMJobStore initialized.
2019-03-03 09:58:27.817  INFO 6444 --- [main] org.quartz.core.QuartzScheduler          : Scheduler meta-data: Quartz Scheduler (v2.3.0) 'quartzScheduler' with instanceId 'NON_CLUSTERED'
  Scheduler class: 'org.quartz.core.QuartzScheduler' - running locally.
  NOT STARTED.
  Currently in standby mode.
  Number of jobs executed: 0
  Using thread pool 'org.quartz.simpl.SimpleThreadPool' - with 10 threads.
  Using job-store 'org.quartz.simpl.RAMJobStore' - which does not support persistence. and is not clustered.

2019-03-03 09:58:27.818  INFO 6444 --- [main] org.quartz.impl.StdSchedulerFactory      : Quartz scheduler 'quartzScheduler' initialized from an externally provided properties instance.
2019-03-03 09:58:27.818  INFO 6444 --- [main] org.quartz.impl.StdSchedulerFactory      : Quartz scheduler version: 2.3.0
2019-03-03 09:58:27.818  INFO 6444 --- [main] org.quartz.core.QuartzScheduler          : JobFactory set to: org.springframework.scheduling.quartz.SpringBeanJobFactory@577bfadb
2019-03-03 09:58:27.829  INFO 6444 --- [main] o.s.s.c.ThreadPoolTaskScheduler          : Initializing ExecutorService 'taskScheduler'
2019-03-03 09:58:27.900  INFO 6444 --- [main] o.s.s.quartz.SchedulerFactoryBean        : Starting Quartz Scheduler now
2019-03-03 09:58:27.900  INFO 6444 --- [main] org.quartz.core.QuartzScheduler          : Scheduler quartzScheduler_$_NON_CLUSTERED started.
2019-03-03 09:58:27.935  INFO 6444 --- [main] o.s.b.w.embedded.tomcat.TomcatWebServer  : Tomcat started on port(s): 8089 (http) with context path ''
2019-03-03 09:58:27.940  INFO 6444 --- [main] com.swf.attence.AttenceApplication       : Started AttenceApplication in 5.88 seconds (JVM running for 7.176)
2019-03-03 09:59:07.474  INFO 6444 --- [http-nio-8089-exec-1] o.a.c.c.C.[Tomcat].[localhost].[/]       : Initializing Spring DispatcherServlet 'dispatcherServlet'
2019-03-03 09:59:07.474  INFO 6444 --- [http-nio-8089-exec-1] o.s.web.servlet.DispatcherServlet        : Initializing Servlet 'dispatcherServlet'
2019-03-03 09:59:07.483  INFO 6444 --- [http-nio-8089-exec-1] o.s.web.servlet.DispatcherServlet        : Completed initialization in 9 ms
2019-03-03 09:59:08.792  WARN 6444 --- [http-nio-8089-exec-4] c.baomidou.mybatisplus.mapper.SqlHelper  : Warn: execute Method There are  3 results.
2019-03-03 09:59:08.792  INFO 6444 --- [http-nio-8089-exec-4] c.s.a.controller.UserMsgController       : 查出66666666相关考勤信息是: LeaveMsg{, id=8156ee5b10c0464da7f0b47a6cf7eeb7, username=66666666, failStart=2019-03-08 18:24, failEnd=2019-03-14 18:30:00, description=null, access=0}
2019-03-03 09:59:10.473  INFO 6444 --- [http-nio-8089-exec-5] c.swf.attence.controller.AjaxController  : 已通过该用户请求
2019-03-03 10:00:56.816  WARN 6444 --- [http-nio-8089-exec-2] c.baomidou.mybatisplus.mapper.SqlHelper  : Warn: execute Method There are  3 results.
2019-03-03 10:00:56.817  INFO 6444 --- [http-nio-8089-exec-2] c.s.a.controller.UserMsgController       : 查出66666666相关考勤信息是: LeaveMsg{, id=8156ee5b10c0464da7f0b47a6cf7eeb7, username=66666666, failStart=2019-03-08 18:24, failEnd=2019-03-14 18:30:00, description=null, access=0}
2019-03-03 10:00:58.178  INFO 6444 --- [http-nio-8089-exec-3] c.swf.attence.controller.AjaxController  : 已通过该用户请求
2019-03-03 10:03:09.938  WARN 6444 --- [http-nio-8089-exec-5] c.baomidou.mybatisplus.mapper.SqlHelper  : Warn: execute Method There are  3 results.
2019-03-03 10:03:09.938  INFO 6444 --- [http-nio-8089-exec-5] c.s.a.controller.UserMsgController       : 查出66666666相关考勤信息是: LeaveMsg{, id=8156ee5b10c0464da7f0b47a6cf7eeb7, username=66666666, failStart=2019-03-08 18:24, failEnd=2019-03-14 18:30:00, description=null, access=0}
2019-03-03 10:03:11.437  INFO 6444 --- [http-nio-8089-exec-6] c.swf.attence.controller.AjaxController  : 已通过该用户请求
2019-03-03 10:06:14.598  WARN 6444 --- [http-nio-8089-exec-7] c.baomidou.mybatisplus.mapper.SqlHelper  : Warn: execute Method There are  3 results.
2019-03-03 10:06:14.598  INFO 6444 --- [http-nio-8089-exec-7] c.s.a.controller.UserMsgController       : 查出66666666相关考勤信息是: LeaveMsg{, id=8156ee5b10c0464da7f0b47a6cf7eeb7, username=66666666, failStart=2019-03-08 18:24, failEnd=2019-03-14 18:30:00, description=null, access=0}
2019-03-03 10:06:16.036  INFO 6444 --- [http-nio-8089-exec-8] c.swf.attence.controller.AjaxController  : 已通过该用户请求
2019-03-03 10:07:49.686  WARN 6444 --- [http-nio-8089-exec-10] c.baomidou.mybatisplus.mapper.SqlHelper  : Warn: execute Method There are  3 results.
2019-03-03 10:07:49.686  INFO 6444 --- [http-nio-8089-exec-10] c.s.a.controller.UserMsgController       : 查出66666666相关考勤信息是: LeaveMsg{, id=8156ee5b10c0464da7f0b47a6cf7eeb7, username=66666666, failStart=2019-03-08 18:24, failEnd=2019-03-14 18:30:00, description=null, access=1}
2019-03-03 10:09:42.539  WARN 6444 --- [http-nio-8089-exec-7] c.baomidou.mybatisplus.mapper.SqlHelper  : Warn: execute Method There are  3 results.
2019-03-03 10:09:42.539  INFO 6444 --- [http-nio-8089-exec-7] c.s.a.controller.UserMsgController       : 查出66666666相关考勤信息是: LeaveMsg{, id=8156ee5b10c0464da7f0b47a6cf7eeb7, username=66666666, failStart=2019-03-08 18:24, failEnd=2019-03-14 18:30:00, description=null, access=0}
2019-03-03 10:09:43.917  INFO 6444 --- [http-nio-8089-exec-8] c.swf.attence.controller.AjaxController  : 已通过该用户请求
